2025-03-10 20:33:12 [ERROR] [APP]: uncaughtException: showAdminDashboard is not defined
ReferenceError: showAdminDashboard is not defined
    at Object.<anonymous> (C:\Users\rosiq\Documents\Dev\Twitter\outils_relance\controllers\adminController.js:2393:5)
    at Module._compile (node:internal/modules/cjs/loader:1469:14)
    at Module._extensions..js (node:internal/modules/cjs/loader:1548:10)
    at Module.load (node:internal/modules/cjs/loader:1288:32)
    at Module._load (node:internal/modules/cjs/loader:1104:12)
    at Module.require (node:internal/modules/cjs/loader:1311:19)
    at require (node:internal/modules/helpers:179:18)
    at Object.<anonymous> (C:\Users\rosiq\Documents\Dev\Twitter\outils_relance\routes\adminRoutes.js:3:25)
    at Module._compile (node:internal/modules/cjs/loader:1469:14)
    at Module._extensions..js (node:internal/modules/cjs/loader:1548:10)
2025-03-10 20:35:05 [ERROR] [APP]: uncaughtException: showAdminDashboard is not defined
ReferenceError: showAdminDashboard is not defined
    at Object.<anonymous> (C:\Users\rosiq\Documents\Dev\Twitter\outils_relance\controllers\adminController.js:2379:5)
    at Module._compile (node:internal/modules/cjs/loader:1469:14)
    at Module._extensions..js (node:internal/modules/cjs/loader:1548:10)
    at Module.load (node:internal/modules/cjs/loader:1288:32)
    at Module._load (node:internal/modules/cjs/loader:1104:12)
    at Module.require (node:internal/modules/cjs/loader:1311:19)
    at require (node:internal/modules/helpers:179:18)
    at Object.<anonymous> (C:\Users\rosiq\Documents\Dev\Twitter\outils_relance\routes\adminRoutes.js:3:25)
    at Module._compile (node:internal/modules/cjs/loader:1469:14)
    at Module._extensions..js (node:internal/modules/cjs/loader:1548:10)
2025-03-10 20:37:40 [ERROR] [APP]: uncaughtException: showAdminDashboard is not defined
ReferenceError: showAdminDashboard is not defined
    at Object.<anonymous> (C:\Users\rosiq\Documents\Dev\Twitter\outils_relance\controllers\adminController.js:2326:5)
    at Module._compile (node:internal/modules/cjs/loader:1469:14)
    at Module._extensions..js (node:internal/modules/cjs/loader:1548:10)
    at Module.load (node:internal/modules/cjs/loader:1288:32)
    at Module._load (node:internal/modules/cjs/loader:1104:12)
    at Module.require (node:internal/modules/cjs/loader:1311:19)
    at require (node:internal/modules/helpers:179:18)
    at Object.<anonymous> (C:\Users\rosiq\Documents\Dev\Twitter\outils_relance\routes\adminRoutes.js:3:25)
    at Module._compile (node:internal/modules/cjs/loader:1469:14)
    at Module._extensions..js (node:internal/modules/cjs/loader:1548:10)
2025-03-10 20:40:07 [INFO] [APP]: Connexion réussie pour l'utilisateur "victor" (rôle: admin) - IP: ::ffff:127.0.0.1
2025-03-10 20:40:07 [INFO] [APP]: Accès authentifié: GET /unread - Utilisateur: victor (admin)
2025-03-10 20:40:07 [INFO] [APP]: Accès technicien: GET /unread - Utilisateur: victor (admin)
2025-03-10 20:40:22 [INFO] [APP]: Accès authentifié: GET /unread - Utilisateur: victor (admin)
2025-03-10 20:40:22 [INFO] [APP]: Accès technicien: GET /unread - Utilisateur: victor (admin)
2025-03-10 20:40:36 [INFO] [APP]: Accès authentifié: GET /unread - Utilisateur: victor (admin)
2025-03-10 20:40:36 [INFO] [APP]: Accès technicien: GET /unread - Utilisateur: victor (admin)
2025-03-10 20:40:36 [INFO] [APP]: Accès authentifié: GET /unread - Utilisateur: victor (admin)
2025-03-10 20:40:36 [INFO] [APP]: Accès technicien: GET /unread - Utilisateur: victor (admin)
2025-03-10 20:40:39 [INFO] [APP]: Accès authentifié: GET /dashboard - Utilisateur: victor (admin)
2025-03-10 20:40:39 [INFO] [APP]: Accès administrateur: GET /dashboard - Utilisateur: victor
2025-03-10 20:40:39 [INFO] [APP]: Accès authentifié: GET /unread - Utilisateur: victor (admin)
2025-03-10 20:40:39 [INFO] [APP]: Accès technicien: GET /unread - Utilisateur: victor (admin)
2025-03-10 20:40:42 [INFO] [APP]: Accès authentifié: GET /update-system - Utilisateur: victor (admin)
2025-03-10 20:40:42 [INFO] [APP]: Accès administrateur: GET /update-system - Utilisateur: victor
2025-03-10 20:40:42 [INFO] [APP]: Accès authentifié: GET /unread - Utilisateur: victor (admin)
2025-03-10 20:40:42 [INFO] [APP]: Accès technicien: GET /unread - Utilisateur: victor (admin)
2025-03-10 20:40:43 [INFO] [APP]: Accès authentifié: GET /dashboard - Utilisateur: victor (admin)
2025-03-10 20:40:43 [INFO] [APP]: Accès administrateur: GET /dashboard - Utilisateur: victor
2025-03-10 20:40:43 [INFO] [APP]: Accès authentifié: GET /unread - Utilisateur: victor (admin)
2025-03-10 20:40:43 [INFO] [APP]: Accès technicien: GET /unread - Utilisateur: victor (admin)
2025-03-10 20:40:48 [INFO] [APP]: Accès authentifié: GET /auth-config - Utilisateur: victor (admin)
2025-03-10 20:40:48 [INFO] [APP]: Accès administrateur: GET /auth-config - Utilisateur: victor
2025-03-10 20:40:48 [INFO] [APP]: Accès authentifié: GET /unread - Utilisateur: victor (admin)
2025-03-10 20:40:48 [INFO] [APP]: Accès technicien: GET /unread - Utilisateur: victor (admin)
2025-03-10 20:40:50 [INFO] [APP]: Accès authentifié: GET /dashboard - Utilisateur: victor (admin)
2025-03-10 20:40:50 [INFO] [APP]: Accès administrateur: GET /dashboard - Utilisateur: victor
2025-03-10 20:40:50 [INFO] [APP]: Accès authentifié: GET /unread - Utilisateur: victor (admin)
2025-03-10 20:40:50 [INFO] [APP]: Accès technicien: GET /unread - Utilisateur: victor (admin)
2025-03-10 20:40:51 [INFO] [APP]: Accès authentifié: GET /domain-config - Utilisateur: victor (admin)
2025-03-10 20:40:51 [INFO] [APP]: Accès administrateur: GET /domain-config - Utilisateur: victor
2025-03-10 20:40:51 [INFO] [APP]: Accès authentifié: GET /unread - Utilisateur: victor (admin)
2025-03-10 20:40:51 [INFO] [APP]: Accès technicien: GET /unread - Utilisateur: victor (admin)
2025-03-10 20:41:01 [INFO] [APP]: Accès authentifié: POST /domain-config - Utilisateur: victor (admin)
2025-03-10 20:41:01 [INFO] [APP]: Accès administrateur: POST /domain-config - Utilisateur: victor
2025-03-10 20:41:01 [INFO] [APP]: Accès authentifié: GET /domain-config - Utilisateur: victor (admin)
2025-03-10 20:41:01 [INFO] [APP]: Accès administrateur: GET /domain-config - Utilisateur: victor
2025-03-10 20:41:01 [INFO] [APP]: Accès authentifié: GET /unread - Utilisateur: victor (admin)
2025-03-10 20:41:01 [INFO] [APP]: Accès technicien: GET /unread - Utilisateur: victor (admin)
2025-03-10 20:41:04 [INFO] [APP]: Accès authentifié: GET /dashboard - Utilisateur: victor (admin)
2025-03-10 20:41:04 [INFO] [APP]: Accès administrateur: GET /dashboard - Utilisateur: victor
2025-03-10 20:41:04 [INFO] [APP]: Accès authentifié: GET /unread - Utilisateur: victor (admin)
2025-03-10 20:41:04 [INFO] [APP]: Accès technicien: GET /unread - Utilisateur: victor (admin)
2025-03-10 20:41:04 [INFO] [APP]: Accès authentifié: GET /auth-config - Utilisateur: victor (admin)
2025-03-10 20:41:04 [INFO] [APP]: Accès administrateur: GET /auth-config - Utilisateur: victor
2025-03-10 20:41:05 [INFO] [APP]: Accès authentifié: GET /unread - Utilisateur: victor (admin)
2025-03-10 20:41:05 [INFO] [APP]: Accès technicien: GET /unread - Utilisateur: victor (admin)
2025-03-10 20:41:07 [INFO] [APP]: Accès authentifié: GET /dashboard - Utilisateur: victor (admin)
2025-03-10 20:41:07 [INFO] [APP]: Accès administrateur: GET /dashboard - Utilisateur: victor
2025-03-10 20:41:07 [INFO] [APP]: Accès authentifié: GET /unread - Utilisateur: victor (admin)
2025-03-10 20:41:07 [INFO] [APP]: Accès technicien: GET /unread - Utilisateur: victor (admin)
2025-03-10 20:44:30 [ERROR] [APP]: uncaughtException: showAdminDashboard is not defined
ReferenceError: showAdminDashboard is not defined
    at Object.<anonymous> (C:\Users\rosiq\Documents\Dev\Twitter\outils_relance\controllers\adminController.js:2326:5)
    at Module._compile (node:internal/modules/cjs/loader:1469:14)
    at Module._extensions..js (node:internal/modules/cjs/loader:1548:10)
    at Module.load (node:internal/modules/cjs/loader:1288:32)
    at Module._load (node:internal/modules/cjs/loader:1104:12)
    at Module.require (node:internal/modules/cjs/loader:1311:19)
    at require (node:internal/modules/helpers:179:18)
    at Object.<anonymous> (C:\Users\rosiq\Documents\Dev\Twitter\outils_relance\routes\adminRoutes.js:3:25)
    at Module._compile (node:internal/modules/cjs/loader:1469:14)
    at Module._extensions..js (node:internal/modules/cjs/loader:1548:10)
