2025-03-08 22:30:02 [ERROR] [APP]: uncaughtException: listen EADDRINUSE: address already in use :::3002
Error: listen EADDRINUSE: address already in use :::3002
    at Server.setupListenHandle [as _listen2] (node:net:1937:16)
    at listenInCluster (node:net:1994:12)
    at Server.listen (node:net:2099:7)
    at Function.listen (C:\Users\victor.rosique\Documents\Dev\Outils_Relance\node_modules\express\lib\application.js:635:24)
    at startServer (C:\Users\victor.rosique\Documents\Dev\Outils_Relance\app.js:725:18)
    at Object.<anonymous> (C:\Users\victor.rosique\Documents\Dev\Outils_Relance\app.js:805:10)
    at Module._compile (node:internal/modules/cjs/loader:1554:14)
    at Object..js (node:internal/modules/cjs/loader:1706:10)
    at Module.load (node:internal/modules/cjs/loader:1289:32)
    at Function._load (node:internal/modules/cjs/loader:1108:12)
2025-03-08 22:30:11 [ERROR] [APP]: uncaughtException: listen EADDRINUSE: address already in use :::3002
Error: listen EADDRINUSE: address already in use :::3002
    at Server.setupListenHandle [as _listen2] (node:net:1937:16)
    at listenInCluster (node:net:1994:12)
    at Server.listen (node:net:2099:7)
    at Function.listen (C:\Users\victor.rosique\Documents\Dev\Outils_Relance\node_modules\express\lib\application.js:635:24)
    at startServer (C:\Users\victor.rosique\Documents\Dev\Outils_Relance\app.js:725:18)
    at Object.<anonymous> (C:\Users\victor.rosique\Documents\Dev\Outils_Relance\app.js:805:10)
    at Module._compile (node:internal/modules/cjs/loader:1554:14)
    at Object..js (node:internal/modules/cjs/loader:1706:10)
    at Module.load (node:internal/modules/cjs/loader:1289:32)
    at Function._load (node:internal/modules/cjs/loader:1108:12)
2025-03-08 23:19:03 [ERROR] [APP]: uncaughtException: OAuth2Strategy requires a clientID option
TypeError: OAuth2Strategy requires a clientID option
    at new OAuth2Strategy (C:\Users\victor.rosique\Documents\Dev\Outils_Relance\node_modules\passport-oauth2\lib\strategy.js:87:34)
    at module.exports (C:\Users\victor.rosique\Documents\Dev\Outils_Relance\config\passport.js:186:30)
    at Object.<anonymous> (C:\Users\victor.rosique\Documents\Dev\Outils_Relance\app.js:231:29)
    at Module._compile (node:internal/modules/cjs/loader:1554:14)
    at Object..js (node:internal/modules/cjs/loader:1706:10)
    at Module.load (node:internal/modules/cjs/loader:1289:32)
    at Function._load (node:internal/modules/cjs/loader:1108:12)
    at TracingChannel.traceSync (node:diagnostics_channel:322:14)
    at wrapModuleLoad (node:internal/modules/cjs/loader:220:24)
    at Function.executeUserEntryPoint [as runMain] (node:internal/modules/run_main:170:5)
2025-03-08 23:19:12 [ERROR] [APP]: uncaughtException: OAuth2Strategy requires a clientID option
TypeError: OAuth2Strategy requires a clientID option
    at new OAuth2Strategy (C:\Users\victor.rosique\Documents\Dev\Outils_Relance\node_modules\passport-oauth2\lib\strategy.js:87:34)
    at module.exports (C:\Users\victor.rosique\Documents\Dev\Outils_Relance\config\passport.js:186:30)
    at Object.<anonymous> (C:\Users\victor.rosique\Documents\Dev\Outils_Relance\app.js:231:29)
    at Module._compile (node:internal/modules/cjs/loader:1554:14)
    at Object..js (node:internal/modules/cjs/loader:1706:10)
    at Module.load (node:internal/modules/cjs/loader:1289:32)
    at Function._load (node:internal/modules/cjs/loader:1108:12)
    at TracingChannel.traceSync (node:diagnostics_channel:322:14)
    at wrapModuleLoad (node:internal/modules/cjs/loader:220:24)
    at Function.executeUserEntryPoint [as runMain] (node:internal/modules/run_main:170:5)
2025-03-08 23:19:26 [ERROR] [APP]: uncaughtException: OAuth2Strategy requires a clientID option
TypeError: OAuth2Strategy requires a clientID option
    at new OAuth2Strategy (C:\Users\victor.rosique\Documents\Dev\Outils_Relance\node_modules\passport-oauth2\lib\strategy.js:87:34)
    at module.exports (C:\Users\victor.rosique\Documents\Dev\Outils_Relance\config\passport.js:186:30)
    at Object.<anonymous> (C:\Users\victor.rosique\Documents\Dev\Outils_Relance\app.js:231:29)
    at Module._compile (node:internal/modules/cjs/loader:1554:14)
    at Object..js (node:internal/modules/cjs/loader:1706:10)
    at Module.load (node:internal/modules/cjs/loader:1289:32)
    at Function._load (node:internal/modules/cjs/loader:1108:12)
    at TracingChannel.traceSync (node:diagnostics_channel:322:14)
    at wrapModuleLoad (node:internal/modules/cjs/loader:220:24)
    at Function.executeUserEntryPoint [as runMain] (node:internal/modules/run_main:170:5)
2025-03-08 23:19:46 [ERROR] [APP]: uncaughtException: OAuth2Strategy requires a clientID option
TypeError: OAuth2Strategy requires a clientID option
    at new OAuth2Strategy (C:\Users\victor.rosique\Documents\Dev\Outils_Relance\node_modules\passport-oauth2\lib\strategy.js:87:34)
    at module.exports (C:\Users\victor.rosique\Documents\Dev\Outils_Relance\config\passport.js:186:30)
    at Object.<anonymous> (C:\Users\victor.rosique\Documents\Dev\Outils_Relance\app.js:231:29)
    at Module._compile (node:internal/modules/cjs/loader:1554:14)
    at Object..js (node:internal/modules/cjs/loader:1706:10)
    at Module.load (node:internal/modules/cjs/loader:1289:32)
    at Function._load (node:internal/modules/cjs/loader:1108:12)
    at TracingChannel.traceSync (node:diagnostics_channel:322:14)
    at wrapModuleLoad (node:internal/modules/cjs/loader:220:24)
    at Function.executeUserEntryPoint [as runMain] (node:internal/modules/run_main:170:5)
2025-03-08 23:21:13 [ERROR] [APP]: uncaughtException: OAuth2Strategy requires a clientID option
TypeError: OAuth2Strategy requires a clientID option
    at new OAuth2Strategy (C:\Users\victor.rosique\Documents\Dev\Outils_Relance\node_modules\passport-oauth2\lib\strategy.js:87:34)
    at module.exports (C:\Users\victor.rosique\Documents\Dev\Outils_Relance\config\passport.js:186:30)
    at Object.<anonymous> (C:\Users\victor.rosique\Documents\Dev\Outils_Relance\app.js:231:29)
    at Module._compile (node:internal/modules/cjs/loader:1554:14)
    at Object..js (node:internal/modules/cjs/loader:1706:10)
    at Module.load (node:internal/modules/cjs/loader:1289:32)
    at Function._load (node:internal/modules/cjs/loader:1108:12)
    at TracingChannel.traceSync (node:diagnostics_channel:322:14)
    at wrapModuleLoad (node:internal/modules/cjs/loader:220:24)
    at Function.executeUserEntryPoint [as runMain] (node:internal/modules/run_main:170:5)
2025-03-08 23:22:30 [ERROR] [APP]: uncaughtException: OAuth2Strategy requires a clientID option
TypeError: OAuth2Strategy requires a clientID option
    at new OAuth2Strategy (C:\Users\victor.rosique\Documents\Dev\Outils_Relance\node_modules\passport-oauth2\lib\strategy.js:87:34)
    at module.exports (C:\Users\victor.rosique\Documents\Dev\Outils_Relance\config\passport.js:186:30)
    at Object.<anonymous> (C:\Users\victor.rosique\Documents\Dev\Outils_Relance\app.js:231:29)
    at Module._compile (node:internal/modules/cjs/loader:1554:14)
    at Object..js (node:internal/modules/cjs/loader:1706:10)
    at Module.load (node:internal/modules/cjs/loader:1289:32)
    at Function._load (node:internal/modules/cjs/loader:1108:12)
    at TracingChannel.traceSync (node:diagnostics_channel:322:14)
    at wrapModuleLoad (node:internal/modules/cjs/loader:220:24)
    at Function.executeUserEntryPoint [as runMain] (node:internal/modules/run_main:170:5)
2025-03-08 23:28:30 [ERROR] [APP]: uncaughtException: listen EADDRINUSE: address already in use :::3004
Error: listen EADDRINUSE: address already in use :::3004
    at Server.setupListenHandle [as _listen2] (node:net:1937:16)
    at listenInCluster (node:net:1994:12)
    at Server.listen (node:net:2099:7)
    at Function.listen (C:\Users\victor.rosique\Documents\Dev\Outils_Relance\node_modules\express\lib\application.js:635:24)
    at startServer (C:\Users\victor.rosique\Documents\Dev\Outils_Relance\app.js:764:18)
    at global.restartServer (C:\Users\victor.rosique\Documents\Dev\Outils_Relance\app.js:841:5)
    at Timeout._onTimeout (C:\Users\victor.rosique\Documents\Dev\Outils_Relance\controllers\adminController.js:805:28)
    at listOnTimeout (node:internal/timers:594:17)
    at process.processTimers (node:internal/timers:529:7)
