2025-03-08 21:57:12 [INFO] [SERVER]: Port chargé depuis la configuration: 3001
2025-03-08 21:57:12 [INFO] [SERVER]: Serveur HTTP démarré sur http://localhost:3001
2025-03-08 21:59:42 [INFO] [SERVER]: Port chargé depuis la configuration: 3001
2025-03-08 21:59:42 [INFO] [SERVER]: Port configuré au démarrage: 3001
2025-03-08 21:59:42 [INFO] [SERVER]: Serveur HTTP démarré sur http://localhost:3001
2025-03-08 22:14:02 [INFO] [SERVER]: Port chargé depuis la configuration: 3001
2025-03-08 22:14:02 [INFO] [SERVER]: Port configuré au démarrage: 3001
2025-03-08 22:14:02 [INFO] [SERVER]: Serveur HTTP démarré sur http://localhost:3001
2025-03-08 22:16:35 [INFO] [SERVER]: Port chargé depuis la configuration: 3001
2025-03-08 22:16:35 [INFO] [SERVER]: Port configuré au démarrage: 3001
2025-03-08 22:16:35 [INFO] [SERVER]: Serveur HTTP démarré sur http://localhost:3001
2025-03-08 22:18:02 [INFO] [SERVER]: Arrêt du serveur en cours...
2025-03-08 22:18:02 [INFO] [SERVER]: Serveur arrêté. Redémarrage...
2025-03-08 22:18:02 [INFO] [SERVER]: Port chargé depuis la configuration: 3000
2025-03-08 22:18:02 [INFO] [SERVER]: Nouvelle configuration chargée: {"useCustomDomain":false,"domainName":"","useSSL":false,"sslCertPath":"","sslKeyPath":"","sslMethod":"manual","letsencryptEmail":"","port":3000}
2025-03-08 22:18:02 [INFO] [SERVER]: Port modifié: 3001 -> 3000
2025-03-08 22:18:02 [INFO] [SERVER]: Nouveau port configuré: 3000
2025-03-08 22:18:02 [INFO] [SERVER]: Serveur HTTP démarré sur http://localhost:3000
2025-03-08 22:18:43 [INFO] [SERVER]: Arrêt du serveur en cours...
2025-03-08 22:18:43 [INFO] [SERVER]: Serveur arrêté. Redémarrage...
2025-03-08 22:18:43 [INFO] [SERVER]: Port chargé depuis la configuration: 3000
2025-03-08 22:18:43 [INFO] [SERVER]: Nouvelle configuration chargée: {"useCustomDomain":false,"domainName":"","useSSL":false,"sslCertPath":"","sslKeyPath":"","sslMethod":"manual","letsencryptEmail":"","port":3000}
2025-03-08 22:18:43 [INFO] [SERVER]: Port inchangé: 3000
2025-03-08 22:18:43 [INFO] [SERVER]: Nouveau port configuré: 3000
2025-03-08 22:18:43 [INFO] [SERVER]: Serveur HTTP démarré sur http://localhost:3000
2025-03-08 22:21:33 [INFO] [SERVER]: Port chargé depuis la configuration: 3000
2025-03-08 22:21:33 [INFO] [SERVER]: Port configuré au démarrage: 3000
2025-03-08 22:21:33 [INFO] [SERVER]: Serveur HTTP démarré sur http://localhost:3000
2025-03-08 22:22:03 [INFO] [SERVER]: Arrêt du serveur en cours...
2025-03-08 22:22:03 [INFO] [SERVER]: Serveur arrêté. Redémarrage...
2025-03-08 22:22:03 [INFO] [SERVER]: Port chargé depuis la configuration: 3000
2025-03-08 22:22:03 [INFO] [SERVER]: Nouvelle configuration chargée: {"useCustomDomain":false,"domainName":"","useSSL":false,"sslCertPath":"","sslKeyPath":"","sslMethod":"manual","letsencryptEmail":"","port":3000}
2025-03-08 22:22:03 [INFO] [SERVER]: Port inchangé: 3000
2025-03-08 22:22:03 [INFO] [SERVER]: Nouveau port configuré: 3000
2025-03-08 22:22:03 [INFO] [SERVER]: Serveur HTTP démarré sur http://localhost:3000
2025-03-08 22:24:56 [INFO] [SERVER]: Contenu du fichier config.json: {
  "auth": {
    "methods": {
      "local": {
        "enabled": true
      },
      "discord": {
        "enabled": false,
        "clientId": "",
        "clientSecret": "",
        "redirectUri": ""
      },
      "azure": {
        "enabled": false,
        "clientId": "",
        "clientSecret": "",
        "tenantId": "",
        "redirectUri": ""
      },
      "github": {
        "enabled": false,
        "clientId": "",
        "clientSecret": "",
        "redirectUri": ""
      },
      "okta": {
        "enabled": false,
        "clientId": "",
        "clientSecret": "",
        "domain": "",
        "redirectUri": ""
      }
    }
  },
  "domain": {
    "useCustomDomain": false,
    "domainName": "",
    "useSSL": false,
    "sslCertPath": "",
    "sslKeyPath": "",
    "sslMethod": "manual",
    "letsencryptEmail": "",
    "port": 3000
  }
}
2025-03-08 22:24:56 [INFO] [SERVER]: Port chargé depuis la configuration: 3000 (type: number)
2025-03-08 22:24:56 [INFO] [SERVER]: Port lu directement depuis le fichier au démarrage: 3000
2025-03-08 22:24:56 [INFO] [SERVER]: Port configuré au démarrage: 3000 (type: number)
2025-03-08 22:24:56 [INFO] [SERVER]: Démarrage du serveur sur le port: 3000
2025-03-08 22:24:56 [INFO] [SERVER]: Serveur HTTP démarré sur http://localhost:3000
2025-03-08 22:25:22 [INFO] [SERVER]: Arrêt du serveur en cours...
2025-03-08 22:25:22 [INFO] [SERVER]: Serveur arrêté. Redémarrage...
2025-03-08 22:25:22 [INFO] [SERVER]: Contenu brut du fichier config.json: {
  "auth": {
    "methods": {
      "local": {
        "enabled": true
      },
      "discord": {
        "enabled": false,
        "clientId": "",
        "clientSecret": "",
        "redirectUri": ""
      },
      "azure": {
        "enabled": false,
        "clientId": "",
        "clientSecret": "",
        "tenantId": "",
        "redirectUri": ""
      },
      "github": {
        "enabled": false,
        "clientId": "",
        "clientSecret": "",
        "redirectUri": ""
      },
      "okta": {
        "enabled": false,
        "clientId": "",
        "clientSecret": "",
        "domain": "",
        "redirectUri": ""
      }
    }
  },
  "domain": {
    "useCustomDomain": false,
    "domainName": "",
    "useSSL": false,
    "sslCertPath": "",
    "sslKeyPath": "",
    "sslMethod": "manual",
    "letsencryptEmail": "",
    "port": 3000
  }
}
2025-03-08 22:25:22 [INFO] [SERVER]: Port lu directement depuis le fichier: 3000
2025-03-08 22:25:22 [INFO] [SERVER]: Contenu du fichier config.json: {
  "auth": {
    "methods": {
      "local": {
        "enabled": true
      },
      "discord": {
        "enabled": false,
        "clientId": "",
        "clientSecret": "",
        "redirectUri": ""
      },
      "azure": {
        "enabled": false,
        "clientId": "",
        "clientSecret": "",
        "tenantId": "",
        "redirectUri": ""
      },
      "github": {
        "enabled": false,
        "clientId": "",
        "clientSecret": "",
        "redirectUri": ""
      },
      "okta": {
        "enabled": false,
        "clientId": "",
        "clientSecret": "",
        "domain": "",
        "redirectUri": ""
      }
    }
  },
  "domain": {
    "useCustomDomain": false,
    "domainName": "",
    "useSSL": false,
    "sslCertPath": "",
    "sslKeyPath": "",
    "sslMethod": "manual",
    "letsencryptEmail": "",
    "port": 3000
  }
}
2025-03-08 22:25:22 [INFO] [SERVER]: Port chargé depuis la configuration: 3000 (type: number)
2025-03-08 22:25:22 [INFO] [SERVER]: Nouvelle configuration chargée via loadConfig: {"useCustomDomain":false,"domainName":"","useSSL":false,"sslCertPath":"","sslKeyPath":"","sslMethod":"manual","letsencryptEmail":"","port":3000}
2025-03-08 22:25:22 [INFO] [SERVER]: Port inchangé: 3000
2025-03-08 22:25:22 [INFO] [SERVER]: Nouveau port configuré: 3000
2025-03-08 22:25:22 [INFO] [SERVER]: Démarrage du serveur sur le port: 3000
2025-03-08 22:25:22 [INFO] [SERVER]: Serveur HTTP démarré sur http://localhost:3000
2025-03-08 22:26:03 [INFO] [SERVER]: Arrêt du serveur en cours...
2025-03-08 22:26:03 [INFO] [SERVER]: Serveur arrêté. Redémarrage...
2025-03-08 22:26:03 [INFO] [SERVER]: Contenu brut du fichier config.json: {
  "auth": {
    "methods": {
      "local": {
        "enabled": true
      },
      "discord": {
        "enabled": false,
        "clientId": "",
        "clientSecret": "",
        "redirectUri": ""
      },
      "azure": {
        "enabled": false,
        "clientId": "",
        "clientSecret": "",
        "tenantId": "",
        "redirectUri": ""
      },
      "github": {
        "enabled": false,
        "clientId": "",
        "clientSecret": "",
        "redirectUri": ""
      },
      "okta": {
        "enabled": false,
        "clientId": "",
        "clientSecret": "",
        "domain": "",
        "redirectUri": ""
      }
    }
  },
  "domain": {
    "useCustomDomain": false,
    "domainName": "",
    "useSSL": false,
    "sslCertPath": "",
    "sslKeyPath": "",
    "sslMethod": "manual",
    "letsencryptEmail": "",
    "port": 3000
  }
}
2025-03-08 22:26:03 [INFO] [SERVER]: Port lu directement depuis le fichier: 3000
2025-03-08 22:26:03 [INFO] [SERVER]: Contenu du fichier config.json: {
  "auth": {
    "methods": {
      "local": {
        "enabled": true
      },
      "discord": {
        "enabled": false,
        "clientId": "",
        "clientSecret": "",
        "redirectUri": ""
      },
      "azure": {
        "enabled": false,
        "clientId": "",
        "clientSecret": "",
        "tenantId": "",
        "redirectUri": ""
      },
      "github": {
        "enabled": false,
        "clientId": "",
        "clientSecret": "",
        "redirectUri": ""
      },
      "okta": {
        "enabled": false,
        "clientId": "",
        "clientSecret": "",
        "domain": "",
        "redirectUri": ""
      }
    }
  },
  "domain": {
    "useCustomDomain": false,
    "domainName": "",
    "useSSL": false,
    "sslCertPath": "",
    "sslKeyPath": "",
    "sslMethod": "manual",
    "letsencryptEmail": "",
    "port": 3000
  }
}
2025-03-08 22:26:03 [INFO] [SERVER]: Port chargé depuis la configuration: 3000 (type: number)
2025-03-08 22:26:03 [INFO] [SERVER]: Nouvelle configuration chargée via loadConfig: {"useCustomDomain":false,"domainName":"","useSSL":false,"sslCertPath":"","sslKeyPath":"","sslMethod":"manual","letsencryptEmail":"","port":3000}
2025-03-08 22:26:03 [INFO] [SERVER]: Port inchangé: 3000
2025-03-08 22:26:03 [INFO] [SERVER]: Nouveau port configuré: 3000
2025-03-08 22:26:03 [INFO] [SERVER]: Démarrage du serveur sur le port: 3000
2025-03-08 22:26:03 [INFO] [SERVER]: Serveur HTTP démarré sur http://localhost:3000
2025-03-08 22:28:30 [INFO] [SERVER]: Contenu du fichier config.json: {
  "auth": {
    "methods": {
      "local": {
        "enabled": true
      },
      "discord": {
        "enabled": true,
        "clientId": "1348043784667009224",
        "clientSecret": "vqAYpA7GC3ncw6zCjCZTeGGYNOQluaDL",
        "redirectUri": "http://localhost:3002/auth/discord/callback"
      },
      "azure": {
        "enabled": false,
        "clientId": "",
        "clientSecret": "",
        "tenantId": "",
        "redirectUri": ""
      },
      "github": {
        "enabled": false,
        "clientId": "",
        "clientSecret": "",
        "redirectUri": ""
      },
      "okta": {
        "enabled": false,
        "clientId": "",
        "clientSecret": "",
        "domain": "",
        "redirectUri": ""
      }
    }
  },
  "domain": {
    "useCustomDomain": false,
    "domainName": "",
    "useSSL": false,
    "sslCertPath": "",
    "sslKeyPath": "",
    "sslMethod": "manual",
    "letsencryptEmail": "",
    "port": 3002
  }
}
2025-03-08 22:28:30 [INFO] [SERVER]: Port chargé depuis la configuration: 3002 (type: number)
2025-03-08 22:28:30 [INFO] [SERVER]: Port lu directement depuis le fichier au démarrage: 3002
2025-03-08 22:28:30 [INFO] [SERVER]: Port configuré au démarrage: 3002 (type: number)
2025-03-08 22:28:30 [INFO] [SERVER]: Démarrage du serveur sur le port: 3002
2025-03-08 22:28:30 [INFO] [SERVER]: Serveur HTTP démarré sur http://localhost:3002
2025-03-08 22:30:02 [INFO] [SERVER]: Contenu du fichier config.json: {
  "auth": {
    "methods": {
      "local": {
        "enabled": true
      },
      "discord": {
        "enabled": true,
        "clientId": "1348043784667009224",
        "clientSecret": "vqAYpA7GC3ncw6zCjCZTeGGYNOQluaDL",
        "redirectUri": "http://localhost:3002/auth/discord/callback"
      },
      "azure": {
        "enabled": false,
        "clientId": "",
        "clientSecret": "",
        "tenantId": "",
        "redirectUri": ""
      },
      "github": {
        "enabled": false,
        "clientId": "",
        "clientSecret": "",
        "redirectUri": ""
      },
      "okta": {
        "enabled": false,
        "clientId": "",
        "clientSecret": "",
        "domain": "",
        "redirectUri": ""
      }
    }
  },
  "domain": {
    "useCustomDomain": false,
    "domainName": "",
    "useSSL": false,
    "sslCertPath": "",
    "sslKeyPath": "",
    "sslMethod": "manual",
    "letsencryptEmail": "",
    "port": 3002
  }
}
2025-03-08 22:30:02 [INFO] [SERVER]: Port chargé depuis la configuration: 3002 (type: number)
2025-03-08 22:30:02 [INFO] [SERVER]: Port lu directement depuis le fichier au démarrage: 3002
2025-03-08 22:30:02 [INFO] [SERVER]: Port configuré au démarrage: 3002 (type: number)
2025-03-08 22:30:02 [INFO] [SERVER]: Port mis à jour depuis le fichier: 3002
2025-03-08 22:30:02 [INFO] [SERVER]: Démarrage du serveur sur le port: 3002
2025-03-08 22:30:11 [INFO] [SERVER]: Contenu du fichier config.json: {
  "auth": {
    "methods": {
      "local": {
        "enabled": true
      },
      "discord": {
        "enabled": true,
        "clientId": "1348043784667009224",
        "clientSecret": "vqAYpA7GC3ncw6zCjCZTeGGYNOQluaDL",
        "redirectUri": "http://localhost:3002/auth/discord/callback"
      },
      "azure": {
        "enabled": false,
        "clientId": "",
        "clientSecret": "",
        "tenantId": "",
        "redirectUri": ""
      },
      "github": {
        "enabled": false,
        "clientId": "",
        "clientSecret": "",
        "redirectUri": ""
      },
      "okta": {
        "enabled": false,
        "clientId": "",
        "clientSecret": "",
        "domain": "",
        "redirectUri": ""
      }
    }
  },
  "domain": {
    "useCustomDomain": false,
    "domainName": "",
    "useSSL": false,
    "sslCertPath": "",
    "sslKeyPath": "",
    "sslMethod": "manual",
    "letsencryptEmail": "",
    "port": 3002
  }
}
2025-03-08 22:30:11 [INFO] [SERVER]: Port chargé depuis la configuration: 3002 (type: number)
2025-03-08 22:30:11 [INFO] [SERVER]: Port lu directement depuis le fichier au démarrage: 3002
2025-03-08 22:30:11 [INFO] [SERVER]: Port configuré au démarrage: 3002 (type: number)
2025-03-08 22:30:11 [INFO] [SERVER]: Port mis à jour depuis le fichier: 3002
2025-03-08 22:30:11 [INFO] [SERVER]: Démarrage du serveur sur le port: 3002
2025-03-08 22:31:10 [WARN] [SERVER]: 404 - Page non trouvée: /favicon.ico - Utilisateur: Anonyme - IP: ::1
2025-03-08 22:31:28 [INFO] [SERVER]: Arrêt du serveur en cours...
2025-03-08 22:31:28 [INFO] [SERVER]: Serveur arrêté. Redémarrage...
2025-03-08 22:31:28 [INFO] [SERVER]: Contenu brut du fichier config.json: {
  "auth": {
    "methods": {
      "local": {
        "enabled": true
      },
      "discord": {
        "enabled": true,
        "clientId": "1348043784667009224",
        "clientSecret": "vqAYpA7GC3ncw6zCjCZTeGGYNOQluaDL",
        "redirectUri": "http://localhost:3002/auth/discord/callback"
      },
      "azure": {
        "enabled": false,
        "clientId": "",
        "clientSecret": "",
        "tenantId": "",
        "redirectUri": ""
      },
      "github": {
        "enabled": false,
        "clientId": "",
        "clientSecret": "",
        "redirectUri": ""
      },
      "okta": {
        "enabled": false,
        "clientId": "",
        "clientSecret": "",
        "domain": "",
        "redirectUri": ""
      }
    }
  },
  "domain": {
    "useCustomDomain": false,
    "domainName": "",
    "useSSL": false,
    "sslCertPath": "",
    "sslKeyPath": "",
    "sslMethod": "manual",
    "letsencryptEmail": "",
    "port": 3000
  }
}
2025-03-08 22:31:28 [INFO] [SERVER]: Port lu directement depuis le fichier: 3000
2025-03-08 22:31:28 [INFO] [SERVER]: Contenu du fichier config.json: {
  "auth": {
    "methods": {
      "local": {
        "enabled": true
      },
      "discord": {
        "enabled": true,
        "clientId": "1348043784667009224",
        "clientSecret": "vqAYpA7GC3ncw6zCjCZTeGGYNOQluaDL",
        "redirectUri": "http://localhost:3002/auth/discord/callback"
      },
      "azure": {
        "enabled": false,
        "clientId": "",
        "clientSecret": "",
        "tenantId": "",
        "redirectUri": ""
      },
      "github": {
        "enabled": false,
        "clientId": "",
        "clientSecret": "",
        "redirectUri": ""
      },
      "okta": {
        "enabled": false,
        "clientId": "",
        "clientSecret": "",
        "domain": "",
        "redirectUri": ""
      }
    }
  },
  "domain": {
    "useCustomDomain": false,
    "domainName": "",
    "useSSL": false,
    "sslCertPath": "",
    "sslKeyPath": "",
    "sslMethod": "manual",
    "letsencryptEmail": "",
    "port": 3000
  }
}
2025-03-08 22:31:28 [INFO] [SERVER]: Port chargé depuis la configuration: 3000 (type: number)
2025-03-08 22:31:28 [INFO] [SERVER]: Nouvelle configuration chargée via loadConfig: {"useCustomDomain":false,"domainName":"","useSSL":false,"sslCertPath":"","sslKeyPath":"","sslMethod":"manual","letsencryptEmail":"","port":3000}
2025-03-08 22:31:28 [INFO] [SERVER]: Port modifié: 3002 -> 3000
2025-03-08 22:31:28 [INFO] [SERVER]: Nouveau port configuré: 3000
2025-03-08 22:31:28 [INFO] [SERVER]: Démarrage du serveur sur le port: 3000
2025-03-08 22:31:28 [INFO] [SERVER]: Serveur HTTP démarré sur http://localhost:3000
2025-03-08 22:34:26 [INFO] [SERVER]: Contenu du fichier config.json: {
  "auth": {
    "methods": {
      "local": {
        "enabled": true
      },
      "discord": {
        "enabled": true,
        "clientId": "1348043784667009224",
        "clientSecret": "vqAYpA7GC3ncw6zCjCZTeGGYNOQluaDL",
        "redirectUri": "http://localhost:3002/auth/discord/callback"
      },
      "azure": {
        "enabled": false,
        "clientId": "",
        "clientSecret": "",
        "tenantId": "",
        "redirectUri": ""
      },
      "github": {
        "enabled": false,
        "clientId": "",
        "clientSecret": "",
        "redirectUri": ""
      },
      "okta": {
        "enabled": false,
        "clientId": "",
        "clientSecret": "",
        "domain": "",
        "redirectUri": ""
      }
    }
  },
  "domain": {
    "useCustomDomain": false,
    "domainName": "",
    "useSSL": false,
    "sslCertPath": "",
    "sslKeyPath": "",
    "sslMethod": "manual",
    "letsencryptEmail": "",
    "port": 3002
  }
}
2025-03-08 22:34:26 [INFO] [SERVER]: Port chargé depuis la configuration: 3002 (type: number)
2025-03-08 22:34:26 [INFO] [SERVER]: Port lu directement depuis le fichier au démarrage: 3002
2025-03-08 22:34:26 [INFO] [SERVER]: Port configuré au démarrage: 3002 (type: number)
2025-03-08 22:34:26 [INFO] [SERVER]: Port forcé à 3002 pour le démarrage du serveur
2025-03-08 22:34:26 [INFO] [SERVER]: Démarrage du serveur sur le port: 3002
2025-03-08 22:34:26 [INFO] [SERVER]: Serveur HTTP démarré sur http://localhost:3002
2025-03-08 22:34:52 [INFO] [SERVER]: Arrêt du serveur en cours...
2025-03-08 22:34:52 [INFO] [SERVER]: Serveur arrêté. Redémarrage...
2025-03-08 22:34:52 [INFO] [SERVER]: Contenu du fichier config.json: {
  "auth": {
    "methods": {
      "local": {
        "enabled": true
      },
      "discord": {
        "enabled": true,
        "clientId": "1348043784667009224",
        "clientSecret": "vqAYpA7GC3ncw6zCjCZTeGGYNOQluaDL",
        "redirectUri": "http://localhost:3003/auth/discord/callback"
      },
      "azure": {
        "enabled": false,
        "clientId": "",
        "clientSecret": "",
        "tenantId": "",
        "redirectUri": ""
      },
      "github": {
        "enabled": false,
        "clientId": "",
        "clientSecret": "",
        "redirectUri": ""
      },
      "okta": {
        "enabled": false,
        "clientId": "",
        "clientSecret": "",
        "domain": "",
        "redirectUri": ""
      }
    }
  },
  "domain": {
    "useCustomDomain": false,
    "domainName": "",
    "useSSL": false,
    "sslCertPath": "",
    "sslKeyPath": "",
    "sslMethod": "manual",
    "letsencryptEmail": "",
    "port": 3003
  }
}
2025-03-08 22:34:52 [INFO] [SERVER]: Port forcé à 3002 (ignorant la valeur du fichier)
2025-03-08 22:34:52 [INFO] [SERVER]: Port inchangé: 3002
2025-03-08 22:34:52 [INFO] [SERVER]: Nouveau port configuré: 3002
2025-03-08 22:34:52 [INFO] [SERVER]: URL de redirection mise à jour pour discord: http://localhost:3002/auth/discord/callback
2025-03-08 22:34:52 [INFO] [SERVER]: Fichier de configuration mis à jour avec le port forcé: 3002
2025-03-08 22:34:52 [INFO] [SERVER]: Port forcé à 3002 pour le démarrage du serveur
2025-03-08 22:34:52 [INFO] [SERVER]: Démarrage du serveur sur le port: 3002
2025-03-08 22:34:52 [INFO] [SERVER]: Serveur HTTP démarré sur http://localhost:3002
2025-03-08 22:39:47 [INFO] [SERVER]: Contenu du fichier config.json: {
  "auth": {
    "methods": {
      "local": {
        "enabled": true
      },
      "discord": {
        "enabled": true,
        "clientId": "1348043784667009224",
        "clientSecret": "vqAYpA7GC3ncw6zCjCZTeGGYNOQluaDL",
        "redirectUri": "http://localhost:3002/auth/discord/callback"
      },
      "azure": {
        "enabled": false,
        "clientId": "",
        "clientSecret": "",
        "tenantId": "",
        "redirectUri": ""
      },
      "github": {
        "enabled": false,
        "clientId": "",
        "clientSecret": "",
        "redirectUri": ""
      },
      "okta": {
        "enabled": false,
        "clientId": "",
        "clientSecret": "",
        "domain": "",
        "redirectUri": ""
      }
    }
  },
  "domain": {
    "useCustomDomain": false,
    "domainName": "",
    "useSSL": false,
    "sslCertPath": "",
    "sslKeyPath": "",
    "sslMethod": "manual",
    "letsencryptEmail": "",
    "port": 3002
  }
}
2025-03-08 22:39:47 [INFO] [SERVER]: Port chargé depuis la configuration: 3002 (type: number)
2025-03-08 22:39:47 [INFO] [SERVER]: Port lu depuis la configuration: 3002
2025-03-08 22:39:47 [INFO] [SERVER]: Port configuré: 3002
2025-03-08 22:39:47 [INFO] [SERVER]: Démarrage du serveur sur le port configuré: 3002
2025-03-08 22:39:47 [INFO] [SERVER]: Serveur HTTP démarré sur http://localhost:3002
2025-03-08 22:42:39 [INFO] [SERVER]: Contenu du fichier config.json: {
  "auth": {
    "methods": {
      "local": {
        "enabled": true
      },
      "discord": {
        "enabled": true,
        "clientId": "1348043784667009224",
        "clientSecret": "vqAYpA7GC3ncw6zCjCZTeGGYNOQluaDL",
        "redirectUri": "http://localhost:3002/auth/discord/callback"
      },
      "azure": {
        "enabled": false,
        "clientId": "",
        "clientSecret": "",
        "tenantId": "",
        "redirectUri": ""
      },
      "github": {
        "enabled": false,
        "clientId": "",
        "clientSecret": "",
        "redirectUri": ""
      },
      "okta": {
        "enabled": false,
        "clientId": "",
        "clientSecret": "",
        "domain": "",
        "redirectUri": ""
      }
    }
  },
  "domain": {
    "useCustomDomain": false,
    "domainName": "",
    "useSSL": false,
    "sslCertPath": "",
    "sslKeyPath": "",
    "sslMethod": "manual",
    "letsencryptEmail": "",
    "port": 3002
  }
}
2025-03-08 22:42:39 [INFO] [SERVER]: Port chargé depuis la configuration: 3002 (type: number)
2025-03-08 22:42:39 [INFO] [SERVER]: Port lu depuis la configuration: 3002
2025-03-08 22:42:39 [INFO] [SERVER]: Port configuré: 3002
2025-03-08 22:42:39 [INFO] [SERVER]: Démarrage du serveur sur le port configuré: 3002
2025-03-08 22:42:39 [INFO] [SERVER]: Serveur HTTP démarré sur http://localhost:3002
2025-03-08 22:45:46 [INFO] [SERVER]: Contenu du fichier config.json: {
  "auth": {
    "methods": {
      "local": {
        "enabled": true
      },
      "discord": {
        "enabled": true,
        "clientId": "1348043784667009224",
        "clientSecret": "vqAYpA7GC3ncw6zCjCZTeGGYNOQluaDL",
        "redirectUri": "http://localhost:3002/auth/discord/callback"
      },
      "azure": {
        "enabled": false,
        "clientId": "",
        "clientSecret": "",
        "tenantId": "",
        "redirectUri": ""
      },
      "github": {
        "enabled": false,
        "clientId": "",
        "clientSecret": "",
        "redirectUri": ""
      },
      "okta": {
        "enabled": false,
        "clientId": "",
        "clientSecret": "",
        "domain": "",
        "redirectUri": ""
      }
    }
  },
  "domain": {
    "useCustomDomain": false,
    "domainName": "",
    "useSSL": false,
    "sslCertPath": "",
    "sslKeyPath": "",
    "sslMethod": "manual",
    "letsencryptEmail": "",
    "port": 3002
  }
}
2025-03-08 22:45:46 [INFO] [SERVER]: Port chargé depuis la configuration: 3002 (type: number)
2025-03-08 22:45:46 [INFO] [SERVER]: Port lu depuis la configuration: 3002
2025-03-08 22:45:46 [INFO] [SERVER]: Port configuré: 3002
2025-03-08 22:45:46 [INFO] [SERVER]: Démarrage du serveur sur le port configuré: 3002
2025-03-08 22:45:46 [INFO] [SERVER]: Serveur HTTP démarré sur http://localhost:3002
2025-03-08 22:46:06 [INFO] [SERVER]: Arrêt du serveur en cours...
2025-03-08 22:46:06 [INFO] [SERVER]: Serveur arrêté. Redémarrage...
2025-03-08 22:46:06 [INFO] [SERVER]: Contenu du fichier config.json: {
  "auth": {
    "methods": {
      "local": {
        "enabled": true
      },
      "discord": {
        "enabled": true,
        "clientId": "1348043784667009224",
        "clientSecret": "vqAYpA7GC3ncw6zCjCZTeGGYNOQluaDL",
        "redirectUri": "http://localhost:3000/auth/discord/callback"
      },
      "azure": {
        "enabled": false,
        "clientId": "",
        "clientSecret": "",
        "tenantId": "",
        "redirectUri": ""
      },
      "github": {
        "enabled": false,
        "clientId": "",
        "clientSecret": "",
        "redirectUri": ""
      },
      "okta": {
        "enabled": false,
        "clientId": "",
        "clientSecret": "",
        "domain": "",
        "redirectUri": ""
      }
    }
  },
  "domain": {
    "useCustomDomain": false,
    "domainName": "",
    "useSSL": false,
    "sslCertPath": "",
    "sslKeyPath": "",
    "sslMethod": "manual",
    "letsencryptEmail": "",
    "port": 3000
  }
}
2025-03-08 22:46:06 [INFO] [SERVER]: Port lu depuis la configuration: 3000
2025-03-08 22:46:06 [INFO] [SERVER]: Port modifié: 3002 -> 3000
2025-03-08 22:46:06 [INFO] [SERVER]: Nouveau port configuré: 3000
2025-03-08 22:46:06 [INFO] [SERVER]: Démarrage du serveur sur le port configuré: 3000
2025-03-08 22:46:06 [INFO] [SERVER]: Serveur HTTP démarré sur http://localhost:3000
2025-03-08 22:49:06 [INFO] [SERVER]: Contenu du fichier config.json: {
  "auth": {
    "methods": {
      "local": {
        "enabled": true
      },
      "discord": {
        "enabled": true,
        "clientId": "1348043784667009224",
        "clientSecret": "vqAYpA7GC3ncw6zCjCZTeGGYNOQluaDL",
        "redirectUri": "http://localhost:3000/auth/discord/callback"
      },
      "azure": {
        "enabled": false,
        "clientId": "",
        "clientSecret": "",
        "tenantId": "",
        "redirectUri": ""
      },
      "github": {
        "enabled": false,
        "clientId": "",
        "clientSecret": "",
        "redirectUri": ""
      },
      "okta": {
        "enabled": false,
        "clientId": "",
        "clientSecret": "",
        "domain": "",
        "redirectUri": ""
      }
    }
  },
  "domain": {
    "useCustomDomain": false,
    "domainName": "",
    "useSSL": false,
    "sslCertPath": "",
    "sslKeyPath": "",
    "sslMethod": "manual",
    "letsencryptEmail": "",
    "port": 3000
  }
}
2025-03-08 22:49:06 [INFO] [SERVER]: Port chargé depuis la configuration: 3000 (type: number)
2025-03-08 22:49:06 [INFO] [SERVER]: Port lu depuis la configuration: 3000
2025-03-08 22:49:06 [INFO] [SERVER]: Port configuré: 3000
2025-03-08 22:49:06 [INFO] [SERVER]: Port mis à jour depuis la configuration: 3000
2025-03-08 22:49:06 [INFO] [SERVER]: Démarrage du serveur sur le port configuré: 3000
2025-03-08 22:49:06 [INFO] [SERVER]: Serveur HTTP démarré sur http://localhost:3000
2025-03-08 22:49:34 [INFO] [SERVER]: Arrêt du serveur en cours...
2025-03-08 22:49:34 [INFO] [SERVER]: Serveur arrêté. Redémarrage...
2025-03-08 22:49:34 [INFO] [SERVER]: Contenu du fichier config.json: {
  "auth": {
    "methods": {
      "local": {
        "enabled": true
      },
      "discord": {
        "enabled": true,
        "clientId": "1348043784667009224",
        "clientSecret": "vqAYpA7GC3ncw6zCjCZTeGGYNOQluaDL",
        "redirectUri": "http://localhost:3000/auth/discord/callback"
      },
      "azure": {
        "enabled": false,
        "clientId": "",
        "clientSecret": "",
        "tenantId": "",
        "redirectUri": ""
      },
      "github": {
        "enabled": false,
        "clientId": "",
        "clientSecret": "",
        "redirectUri": ""
      },
      "okta": {
        "enabled": false,
        "clientId": "",
        "clientSecret": "",
        "domain": "",
        "redirectUri": ""
      }
    }
  },
  "domain": {
    "useCustomDomain": false,
    "domainName": "",
    "useSSL": false,
    "sslCertPath": "",
    "sslKeyPath": "",
    "sslMethod": "manual",
    "letsencryptEmail": "",
    "port": 3000
  }
}
2025-03-08 22:49:34 [INFO] [SERVER]: Port lu depuis la configuration: 3000
2025-03-08 22:49:34 [INFO] [SERVER]: Port inchangé: 3000
2025-03-08 22:49:34 [INFO] [SERVER]: Nouveau port configuré: 3000
2025-03-08 22:49:34 [INFO] [SERVER]: Port mis à jour depuis la configuration: 3000
2025-03-08 22:49:34 [INFO] [SERVER]: Démarrage du serveur sur le port configuré: 3000
2025-03-08 22:49:34 [INFO] [SERVER]: Serveur HTTP démarré sur http://localhost:3000
2025-03-08 22:50:17 [INFO] [SERVER]: Contenu du fichier config.json: {
  "auth": {
    "methods": {
      "local": {
        "enabled": true
      },
      "discord": {
        "enabled": true,
        "clientId": "1348043784667009224",
        "clientSecret": "vqAYpA7GC3ncw6zCjCZTeGGYNOQluaDL",
        "redirectUri": "http://localhost:3000/auth/discord/callback"
      },
      "azure": {
        "enabled": false,
        "clientId": "",
        "clientSecret": "",
        "tenantId": "",
        "redirectUri": ""
      },
      "github": {
        "enabled": false,
        "clientId": "",
        "clientSecret": "",
        "redirectUri": ""
      },
      "okta": {
        "enabled": false,
        "clientId": "",
        "clientSecret": "",
        "domain": "",
        "redirectUri": ""
      }
    }
  },
  "domain": {
    "useCustomDomain": false,
    "domainName": "",
    "useSSL": false,
    "sslCertPath": "",
    "sslKeyPath": "",
    "sslMethod": "manual",
    "letsencryptEmail": "",
    "port": 3000
  }
}
2025-03-08 22:50:17 [INFO] [SERVER]: Port chargé depuis la configuration: 3000 (type: number)
2025-03-08 22:50:17 [INFO] [SERVER]: Port lu depuis la configuration: 3000
2025-03-08 22:50:17 [INFO] [SERVER]: Port configuré: 3000
2025-03-08 22:50:17 [INFO] [SERVER]: Port mis à jour depuis la configuration: 3000
2025-03-08 22:50:17 [INFO] [SERVER]: Démarrage du serveur sur le port configuré: 3000
2025-03-08 22:50:17 [INFO] [SERVER]: Serveur HTTP démarré sur http://localhost:3000
2025-03-08 22:50:40 [INFO] [SERVER]: Arrêt du serveur en cours...
2025-03-08 22:50:40 [INFO] [SERVER]: Serveur arrêté. Redémarrage...
2025-03-08 22:50:40 [INFO] [SERVER]: Contenu du fichier config.json: {
  "auth": {
    "methods": {
      "local": {
        "enabled": true
      },
      "discord": {
        "enabled": true,
        "clientId": "1348043784667009224",
        "clientSecret": "vqAYpA7GC3ncw6zCjCZTeGGYNOQluaDL",
        "redirectUri": "http://localhost:3000/auth/discord/callback"
      },
      "azure": {
        "enabled": false,
        "clientId": "",
        "clientSecret": "",
        "tenantId": "",
        "redirectUri": ""
      },
      "github": {
        "enabled": false,
        "clientId": "",
        "clientSecret": "",
        "redirectUri": ""
      },
      "okta": {
        "enabled": false,
        "clientId": "",
        "clientSecret": "",
        "domain": "",
        "redirectUri": ""
      }
    }
  },
  "domain": {
    "useCustomDomain": false,
    "domainName": "",
    "useSSL": false,
    "sslCertPath": "",
    "sslKeyPath": "",
    "sslMethod": "manual",
    "letsencryptEmail": "",
    "port": 3000
  }
}
2025-03-08 22:50:40 [INFO] [SERVER]: Port lu depuis la configuration: 3000
2025-03-08 22:50:40 [INFO] [SERVER]: Port inchangé: 3000
2025-03-08 22:50:40 [INFO] [SERVER]: Nouveau port configuré: 3000
2025-03-08 22:50:40 [INFO] [SERVER]: Port mis à jour depuis la configuration: 3000
2025-03-08 22:50:40 [INFO] [SERVER]: Démarrage du serveur sur le port configuré: 3000
2025-03-08 22:50:40 [INFO] [SERVER]: Serveur HTTP démarré sur http://localhost:3000
2025-03-08 22:53:02 [INFO] [SERVER]: Contenu du fichier config.json: {
  "auth": {
    "methods": {
      "local": {
        "enabled": true
      },
      "discord": {
        "enabled": true,
        "clientId": "1348043784667009224",
        "clientSecret": "vqAYpA7GC3ncw6zCjCZTeGGYNOQluaDL",
        "redirectUri": "http://localhost:3000/auth/discord/callback"
      },
      "azure": {
        "enabled": false,
        "clientId": "",
        "clientSecret": "",
        "tenantId": "",
        "redirectUri": ""
      },
      "github": {
        "enabled": false,
        "clientId": "",
        "clientSecret": "",
        "redirectUri": ""
      },
      "okta": {
        "enabled": false,
        "clientId": "",
        "clientSecret": "",
        "domain": "",
        "redirectUri": ""
      }
    }
  },
  "domain": {
    "useCustomDomain": false,
    "domainName": "",
    "useSSL": false,
    "sslCertPath": "",
    "sslKeyPath": "",
    "sslMethod": "manual",
    "letsencryptEmail": "",
    "port": 3000
  }
}
2025-03-08 22:53:02 [INFO] [SERVER]: Port chargé depuis la configuration: 3000 (type: number)
2025-03-08 22:53:02 [INFO] [SERVER]: Port lu depuis la configuration: 3000
2025-03-08 22:53:02 [INFO] [SERVER]: Port configuré: 3000
2025-03-08 22:53:03 [INFO] [SERVER]: Port mis à jour depuis la configuration: 3000
2025-03-08 22:53:03 [INFO] [SERVER]: Démarrage du serveur sur le port configuré: 3000
2025-03-08 22:53:03 [INFO] [SERVER]: Serveur HTTP démarré sur http://localhost:3000
2025-03-08 22:53:39 [INFO] [SERVER]: Arrêt du serveur en cours...
2025-03-08 22:53:39 [INFO] [SERVER]: Serveur arrêté. Redémarrage...
2025-03-08 22:53:39 [INFO] [SERVER]: Contenu du fichier config.json: {
  "auth": {
    "methods": {
      "local": {
        "enabled": true
      },
      "discord": {
        "enabled": true,
        "clientId": "1348043784667009224",
        "clientSecret": "vqAYpA7GC3ncw6zCjCZTeGGYNOQluaDL",
        "redirectUri": "http://localhost:3000/auth/discord/callback"
      },
      "azure": {
        "enabled": false,
        "clientId": "",
        "clientSecret": "",
        "tenantId": "",
        "redirectUri": ""
      },
      "github": {
        "enabled": false,
        "clientId": "",
        "clientSecret": "",
        "redirectUri": ""
      },
      "okta": {
        "enabled": false,
        "clientId": "",
        "clientSecret": "",
        "domain": "",
        "redirectUri": ""
      }
    }
  },
  "domain": {
    "useCustomDomain": false,
    "domainName": "",
    "useSSL": false,
    "sslCertPath": "",
    "sslKeyPath": "",
    "sslMethod": "manual",
    "letsencryptEmail": "",
    "port": 3000
  }
}
2025-03-08 22:53:39 [INFO] [SERVER]: Port lu depuis la configuration: 3000
2025-03-08 22:53:39 [INFO] [SERVER]: Port inchangé: 3000
2025-03-08 22:53:39 [INFO] [SERVER]: Nouveau port configuré: 3000
2025-03-08 22:53:39 [INFO] [SERVER]: Port mis à jour depuis la configuration: 3000
2025-03-08 22:53:39 [INFO] [SERVER]: Démarrage du serveur sur le port configuré: 3000
2025-03-08 22:53:39 [INFO] [SERVER]: Serveur HTTP démarré sur http://localhost:3000
2025-03-08 22:56:24 [INFO] [SERVER]: Contenu du fichier config.json: {
  "auth": {
    "methods": {
      "local": {
        "enabled": true
      },
      "discord": {
        "enabled": true,
        "clientId": "1348043784667009224",
        "clientSecret": "vqAYpA7GC3ncw6zCjCZTeGGYNOQluaDL",
        "redirectUri": "http://localhost:3000/auth/discord/callback"
      },
      "azure": {
        "enabled": false,
        "clientId": "",
        "clientSecret": "",
        "tenantId": "",
        "redirectUri": ""
      },
      "github": {
        "enabled": false,
        "clientId": "",
        "clientSecret": "",
        "redirectUri": ""
      },
      "okta": {
        "enabled": false,
        "clientId": "",
        "clientSecret": "",
        "domain": "",
        "redirectUri": ""
      }
    }
  },
  "domain": {
    "useCustomDomain": false,
    "domainName": "",
    "useSSL": false,
    "sslCertPath": "",
    "sslKeyPath": "",
    "sslMethod": "manual",
    "letsencryptEmail": "",
    "port": 3000
  }
}
2025-03-08 22:56:24 [INFO] [SERVER]: Port chargé depuis la configuration: 3000 (type: number)
2025-03-08 22:56:24 [INFO] [SERVER]: Port lu depuis la configuration: 3000
2025-03-08 22:56:24 [INFO] [SERVER]: Port configuré: 3000
2025-03-08 22:56:24 [INFO] [SERVER]: Port mis à jour depuis la configuration: 3000
2025-03-08 22:56:24 [INFO] [SERVER]: Démarrage du serveur sur le port configuré: 3000
2025-03-08 22:56:24 [INFO] [SERVER]: Serveur HTTP démarré sur http://localhost:3000
2025-03-08 22:56:47 [INFO] [SERVER]: Arrêt du serveur en cours...
2025-03-08 22:56:47 [INFO] [SERVER]: Serveur arrêté. Redémarrage...
2025-03-08 22:56:47 [INFO] [SERVER]: Contenu du fichier config.json: {
  "auth": {
    "methods": {
      "local": {
        "enabled": true
      },
      "discord": {
        "enabled": true,
        "clientId": "1348043784667009224",
        "clientSecret": "vqAYpA7GC3ncw6zCjCZTeGGYNOQluaDL",
        "redirectUri": "http://localhost:3003/auth/discord/callback"
      },
      "azure": {
        "enabled": false,
        "clientId": "",
        "clientSecret": "",
        "tenantId": "",
        "redirectUri": ""
      },
      "github": {
        "enabled": false,
        "clientId": "",
        "clientSecret": "",
        "redirectUri": ""
      },
      "okta": {
        "enabled": false,
        "clientId": "",
        "clientSecret": "",
        "domain": "",
        "redirectUri": ""
      }
    }
  },
  "domain": {
    "useCustomDomain": false,
    "domainName": "",
    "useSSL": false,
    "sslCertPath": "",
    "sslKeyPath": "",
    "sslMethod": "manual",
    "letsencryptEmail": "",
    "port": 3003
  }
}
2025-03-08 22:56:47 [INFO] [SERVER]: Port lu depuis la configuration: 3003
2025-03-08 22:56:47 [INFO] [SERVER]: Port modifié: 3000 -> 3003
2025-03-08 22:56:47 [INFO] [SERVER]: Nouveau port configuré: 3003
2025-03-08 22:56:47 [INFO] [SERVER]: Port mis à jour depuis la configuration: 3003
2025-03-08 22:56:47 [INFO] [SERVER]: Démarrage du serveur sur le port configuré: 3003
2025-03-08 22:56:47 [INFO] [SERVER]: Serveur HTTP démarré sur http://localhost:3003
2025-03-08 22:57:02 [WARN] [SERVER]: 404 - Page non trouvée: /favicon.ico - Utilisateur: victor (admin) - IP: ::1
2025-03-08 23:02:51 [INFO] [SERVER]: Contenu du fichier config.json: {
  "auth": {
    "methods": {
      "local": {
        "enabled": true
      },
      "discord": {
        "enabled": true,
        "clientId": "1348043784667009224",
        "clientSecret": "vqAYpA7GC3ncw6zCjCZTeGGYNOQluaDL",
        "redirectUri": "http://localhost:3003/auth/discord/callback"
      },
      "azure": {
        "enabled": false,
        "clientId": "",
        "clientSecret": "",
        "tenantId": "",
        "redirectUri": ""
      },
      "github": {
        "enabled": false,
        "clientId": "",
        "clientSecret": "",
        "redirectUri": ""
      },
      "okta": {
        "enabled": false,
        "clientId": "",
        "clientSecret": "",
        "domain": "",
        "redirectUri": ""
      }
    }
  },
  "domain": {
    "useCustomDomain": false,
    "domainName": "",
    "useSSL": false,
    "sslCertPath": "",
    "sslKeyPath": "",
    "sslMethod": "manual",
    "letsencryptEmail": "",
    "port": 3003
  }
}
2025-03-08 23:02:51 [INFO] [SERVER]: Port chargé depuis la configuration: 3003 (type: number)
2025-03-08 23:02:51 [INFO] [SERVER]: Port lu depuis la configuration: 3003
2025-03-08 23:02:51 [INFO] [SERVER]: Port configuré: 3003
2025-03-08 23:02:51 [INFO] [SERVER]: Port mis à jour depuis la configuration: 3003
2025-03-08 23:02:51 [INFO] [SERVER]: Démarrage du serveur sur le port configuré: 3003
2025-03-08 23:02:51 [INFO] [SERVER]: Serveur HTTP démarré sur http://localhost:3003
2025-03-08 23:02:53 [ERROR] [SERVER]: 500 - Erreur serveur: C:\Users\victor.rosique\Documents\Dev\Outils_Relance\views\index.ejs:60
    58|                 
    59|                 <!-- Méthodes d'authentification externes -->
 >> 60|                 <% if (locals.config && Object.values(locals.config.auth.methods || {}).some(method => method.enabled && method.name !== 'local')) { %>
    61|                     <hr class="my-4">
    62|                     <h5 class="text-center mb-3">Ou se connecter avec</h5>
    63|                     <div class="d-grid gap-2">

Cannot read properties of undefined (reading 'methods') - Utilisateur: Anonyme - IP: ::1
2025-03-08 23:02:56 [ERROR] [SERVER]: 500 - Erreur serveur: C:\Users\victor.rosique\Documents\Dev\Outils_Relance\views\index.ejs:60
    58|                 
    59|                 <!-- Méthodes d'authentification externes -->
 >> 60|                 <% if (locals.config && Object.values(locals.config.auth.methods || {}).some(method => method.enabled && method.name !== 'local')) { %>
    61|                     <hr class="my-4">
    62|                     <h5 class="text-center mb-3">Ou se connecter avec</h5>
    63|                     <div class="d-grid gap-2">

Cannot read properties of undefined (reading 'methods') - Utilisateur: Anonyme - IP: ::1
2025-03-08 23:02:57 [ERROR] [SERVER]: 500 - Erreur serveur: C:\Users\victor.rosique\Documents\Dev\Outils_Relance\views\index.ejs:60
    58|                 
    59|                 <!-- Méthodes d'authentification externes -->
 >> 60|                 <% if (locals.config && Object.values(locals.config.auth.methods || {}).some(method => method.enabled && method.name !== 'local')) { %>
    61|                     <hr class="my-4">
    62|                     <h5 class="text-center mb-3">Ou se connecter avec</h5>
    63|                     <div class="d-grid gap-2">

Cannot read properties of undefined (reading 'methods') - Utilisateur: Anonyme - IP: ::1
2025-03-08 23:03:03 [ERROR] [SERVER]: 500 - Erreur serveur: C:\Users\victor.rosique\Documents\Dev\Outils_Relance\views\index.ejs:60
    58|                 
    59|                 <!-- Méthodes d'authentification externes -->
 >> 60|                 <% if (locals.config && Object.values(locals.config.auth.methods || {}).some(method => method.enabled && method.name !== 'local')) { %>
    61|                     <hr class="my-4">
    62|                     <h5 class="text-center mb-3">Ou se connecter avec</h5>
    63|                     <div class="d-grid gap-2">

Cannot read properties of undefined (reading 'methods') - Utilisateur: Anonyme - IP: ::1
2025-03-08 23:04:48 [INFO] [SERVER]: Contenu du fichier config.json: {
  "auth": {
    "methods": {
      "local": {
        "enabled": true
      },
      "discord": {
        "enabled": true,
        "clientId": "1348043784667009224",
        "clientSecret": "vqAYpA7GC3ncw6zCjCZTeGGYNOQluaDL",
        "redirectUri": "http://localhost:3003/auth/discord/callback"
      },
      "azure": {
        "enabled": false,
        "clientId": "",
        "clientSecret": "",
        "tenantId": "",
        "redirectUri": ""
      },
      "github": {
        "enabled": false,
        "clientId": "",
        "clientSecret": "",
        "redirectUri": ""
      },
      "okta": {
        "enabled": false,
        "clientId": "",
        "clientSecret": "",
        "domain": "",
        "redirectUri": ""
      }
    }
  },
  "domain": {
    "useCustomDomain": false,
    "domainName": "",
    "useSSL": false,
    "sslCertPath": "",
    "sslKeyPath": "",
    "sslMethod": "manual",
    "letsencryptEmail": "",
    "port": 3003
  }
}
2025-03-08 23:04:48 [INFO] [SERVER]: Port chargé depuis la configuration: 3003 (type: number)
2025-03-08 23:04:48 [INFO] [SERVER]: Port lu depuis la configuration: 3003
2025-03-08 23:04:48 [INFO] [SERVER]: Port configuré: 3003
2025-03-08 23:04:48 [INFO] [SERVER]: Port mis à jour depuis la configuration: 3003
2025-03-08 23:04:48 [INFO] [SERVER]: Démarrage du serveur sur le port configuré: 3003
2025-03-08 23:04:48 [INFO] [SERVER]: Serveur HTTP démarré sur http://localhost:3003
2025-03-08 23:05:31 [INFO] [SERVER]: Contenu du fichier config.json: {
  "auth": {
    "methods": {
      "local": {
        "enabled": true,
        "name": "local"
      },
      "discord": {
        "enabled": true,
        "clientId": "1348043784667009224",
        "clientSecret": "vqAYpA7GC3ncw6zCjCZTeGGYNOQluaDL",
        "redirectUri": "http://localhost:3003/auth/discord/callback",
        "name": "discord"
      },
      "azure": {
        "enabled": false,
        "clientId": "",
        "clientSecret": "",
        "tenantId": "",
        "redirectUri": "",
        "name": "azure"
      },
      "github": {
        "enabled": false,
        "clientId": "",
        "clientSecret": "",
        "redirectUri": "",
        "name": "github"
      },
      "okta": {
        "enabled": false,
        "clientId": "",
        "clientSecret": "",
        "domain": "",
        "redirectUri": "",
        "name": "okta"
      }
    }
  },
  "domain": {
    "useCustomDomain": false,
    "domainName": "",
    "useSSL": false,
    "sslCertPath": "",
    "sslKeyPath": "",
    "sslMethod": "manual",
    "letsencryptEmail": "",
    "port": 3003
  }
}
2025-03-08 23:05:31 [INFO] [SERVER]: Port chargé depuis la configuration: 3003 (type: number)
2025-03-08 23:05:31 [INFO] [SERVER]: Port lu depuis la configuration: 3003
2025-03-08 23:05:31 [INFO] [SERVER]: Port configuré: 3003
2025-03-08 23:05:31 [INFO] [SERVER]: Port mis à jour depuis la configuration: 3003
2025-03-08 23:05:31 [INFO] [SERVER]: Démarrage du serveur sur le port configuré: 3003
2025-03-08 23:05:31 [INFO] [SERVER]: Serveur HTTP démarré sur http://localhost:3003
2025-03-08 23:06:58 [INFO] [SERVER]: Contenu du fichier config.json: {
  "auth": {
    "methods": {
      "local": {
        "enabled": true,
        "name": "local"
      },
      "discord": {
        "enabled": true,
        "clientId": "1348043784667009224",
        "clientSecret": "vqAYpA7GC3ncw6zCjCZTeGGYNOQluaDL",
        "redirectUri": "http://localhost:3003/auth/discord/callback",
        "name": "discord"
      },
      "azure": {
        "enabled": false,
        "clientId": "",
        "clientSecret": "",
        "tenantId": "",
        "redirectUri": "",
        "name": "azure"
      },
      "github": {
        "enabled": false,
        "clientId": "",
        "clientSecret": "",
        "redirectUri": "",
        "name": "github"
      },
      "okta": {
        "enabled": false,
        "clientId": "",
        "clientSecret": "",
        "domain": "",
        "redirectUri": "",
        "name": "okta"
      }
    }
  },
  "domain": {
    "useCustomDomain": false,
    "domainName": "",
    "useSSL": false,
    "sslCertPath": "",
    "sslKeyPath": "",
    "sslMethod": "manual",
    "letsencryptEmail": "",
    "port": 3003
  }
}
2025-03-08 23:06:58 [INFO] [SERVER]: Port chargé depuis la configuration: 3003 (type: number)
2025-03-08 23:06:58 [INFO] [SERVER]: Port lu depuis la configuration: 3003
2025-03-08 23:06:58 [INFO] [SERVER]: Port configuré: 3003
2025-03-08 23:06:58 [INFO] [SERVER]: Port mis à jour depuis la configuration: 3003
2025-03-08 23:06:58 [INFO] [SERVER]: Démarrage du serveur sur le port configuré: 3003
2025-03-08 23:06:58 [INFO] [SERVER]: Serveur HTTP démarré sur http://localhost:3003
2025-03-08 23:09:42 [INFO] [SERVER]: Contenu du fichier config.json: {
  "auth": {
    "methods": {
      "local": {
        "enabled": true,
        "name": "local"
      },
      "discord": {
        "enabled": true,
        "clientId": "1348043784667009224",
        "clientSecret": "vqAYpA7GC3ncw6zCjCZTeGGYNOQluaDL",
        "redirectUri": "http://localhost:3003/auth/discord/callback",
        "name": "discord"
      },
      "azure": {
        "enabled": false,
        "clientId": "",
        "clientSecret": "",
        "tenantId": "",
        "redirectUri": "",
        "name": "azure"
      },
      "github": {
        "enabled": false,
        "clientId": "",
        "clientSecret": "",
        "redirectUri": "",
        "name": "github"
      },
      "okta": {
        "enabled": false,
        "clientId": "",
        "clientSecret": "",
        "domain": "",
        "redirectUri": "",
        "name": "okta"
      }
    }
  },
  "domain": {
    "useCustomDomain": false,
    "domainName": "",
    "useSSL": false,
    "sslCertPath": "",
    "sslKeyPath": "",
    "sslMethod": "manual",
    "letsencryptEmail": "",
    "port": 3003
  }
}
2025-03-08 23:09:42 [INFO] [SERVER]: Port chargé depuis la configuration: 3003 (type: number)
2025-03-08 23:09:42 [INFO] [SERVER]: Port lu depuis la configuration: 3003
2025-03-08 23:09:42 [INFO] [SERVER]: Port configuré: 3003
2025-03-08 23:09:42 [INFO] [SERVER]: Port mis à jour depuis la configuration: 3003
2025-03-08 23:09:42 [INFO] [SERVER]: Démarrage du serveur sur le port configuré: 3003
2025-03-08 23:09:42 [INFO] [SERVER]: Serveur HTTP démarré sur http://localhost:3003
2025-03-08 23:10:37 [INFO] [SERVER]: Contenu du fichier config.json: {
  "auth": {
    "methods": {
      "local": {
        "enabled": true,
        "name": "local"
      },
      "discord": {
        "enabled": true,
        "clientId": "1348043784667009224",
        "clientSecret": "vqAYpA7GC3ncw6zCjCZTeGGYNOQluaDL",
        "redirectUri": "http://localhost:3003/auth/discord/callback",
        "name": "discord"
      },
      "azure": {
        "enabled": false,
        "clientId": "",
        "clientSecret": "",
        "tenantId": "",
        "redirectUri": "",
        "name": "azure"
      },
      "github": {
        "enabled": false,
        "clientId": "",
        "clientSecret": "",
        "redirectUri": "",
        "name": "github"
      },
      "okta": {
        "enabled": false,
        "clientId": "",
        "clientSecret": "",
        "domain": "",
        "redirectUri": "",
        "name": "okta"
      }
    }
  },
  "domain": {
    "useCustomDomain": false,
    "domainName": "",
    "useSSL": false,
    "sslCertPath": "",
    "sslKeyPath": "",
    "sslMethod": "manual",
    "letsencryptEmail": "",
    "port": 3003
  }
}
2025-03-08 23:10:37 [INFO] [SERVER]: Port chargé depuis la configuration: 3003 (type: number)
2025-03-08 23:10:37 [INFO] [SERVER]: Port lu depuis la configuration: 3003
2025-03-08 23:10:37 [INFO] [SERVER]: Port configuré: 3003
2025-03-08 23:10:37 [INFO] [SERVER]: Port mis à jour depuis la configuration: 3003
2025-03-08 23:10:37 [INFO] [SERVER]: Démarrage du serveur sur le port configuré: 3003
2025-03-08 23:10:37 [INFO] [SERVER]: Serveur HTTP démarré sur http://localhost:3003
2025-03-08 23:11:06 [INFO] [SERVER]: Contenu du fichier config.json: {
  "auth": {
    "methods": {
      "local": {
        "enabled": true,
        "name": "local"
      },
      "discord": {
        "enabled": true,
        "clientId": "1348043784667009224",
        "clientSecret": "vqAYpA7GC3ncw6zCjCZTeGGYNOQluaDL",
        "redirectUri": "http://localhost:3003/auth/discord/callback",
        "name": "discord"
      },
      "azure": {
        "enabled": false,
        "clientId": "",
        "clientSecret": "",
        "tenantId": "",
        "redirectUri": "",
        "name": "azure"
      },
      "github": {
        "enabled": false,
        "clientId": "",
        "clientSecret": "",
        "redirectUri": "",
        "name": "github"
      },
      "okta": {
        "enabled": false,
        "clientId": "",
        "clientSecret": "",
        "domain": "",
        "redirectUri": "",
        "name": "okta"
      }
    }
  },
  "domain": {
    "useCustomDomain": false,
    "domainName": "",
    "useSSL": false,
    "sslCertPath": "",
    "sslKeyPath": "",
    "sslMethod": "manual",
    "letsencryptEmail": "",
    "port": 3003
  }
}
2025-03-08 23:11:06 [INFO] [SERVER]: Port chargé depuis la configuration: 3003 (type: number)
2025-03-08 23:11:06 [INFO] [SERVER]: Port lu depuis la configuration: 3003
2025-03-08 23:11:06 [INFO] [SERVER]: Port configuré: 3003
2025-03-08 23:11:07 [INFO] [SERVER]: Port mis à jour depuis la configuration: 3003
2025-03-08 23:11:07 [INFO] [SERVER]: Démarrage du serveur sur le port configuré: 3003
2025-03-08 23:11:07 [INFO] [SERVER]: Serveur HTTP démarré sur http://localhost:3003
2025-03-08 23:16:05 [INFO] [SERVER]: Contenu du fichier config.json: {
  "auth": {
    "methods": {
      "local": {
        "enabled": true,
        "name": "local"
      },
      "discord": {
        "enabled": true,
        "clientId": "1348043784667009224",
        "clientSecret": "vqAYpA7GC3ncw6zCjCZTeGGYNOQluaDL",
        "redirectUri": "http://localhost:3003/auth/discord/callback",
        "name": "discord"
      },
      "azure": {
        "enabled": false,
        "clientId": "",
        "clientSecret": "",
        "tenantId": "",
        "redirectUri": "",
        "name": "azure"
      },
      "github": {
        "enabled": false,
        "clientId": "",
        "clientSecret": "",
        "redirectUri": "",
        "name": "github"
      },
      "okta": {
        "enabled": false,
        "clientId": "",
        "clientSecret": "",
        "domain": "",
        "redirectUri": "",
        "name": "okta"
      }
    }
  },
  "domain": {
    "useCustomDomain": false,
    "domainName": "",
    "useSSL": false,
    "sslCertPath": "",
    "sslKeyPath": "",
    "sslMethod": "manual",
    "letsencryptEmail": "",
    "port": 3003
  }
}
2025-03-08 23:16:05 [INFO] [SERVER]: Port chargé depuis la configuration: 3003 (type: number)
2025-03-08 23:16:05 [INFO] [SERVER]: Port lu depuis la configuration: 3003
2025-03-08 23:16:05 [INFO] [SERVER]: Port configuré: 3003
2025-03-08 23:16:06 [INFO] [SERVER]: Port mis à jour depuis la configuration: 3003
2025-03-08 23:16:06 [INFO] [SERVER]: Démarrage du serveur sur le port configuré: 3003
2025-03-08 23:16:06 [INFO] [SERVER]: Serveur HTTP démarré sur http://localhost:3003
2025-03-08 23:19:03 [INFO] [SERVER]: Contenu du fichier config.json: {
  "auth": {
    "methods": {
      "local": {
        "enabled": true,
        "name": "local"
      },
      "discord": {
        "enabled": true,
        "clientId": "1348043784667009224",
        "clientSecret": "vqAYpA7GC3ncw6zCjCZTeGGYNOQluaDL",
        "redirectUri": "http://localhost:3003/auth/discord/callback",
        "name": "discord"
      },
      "azure": {
        "enabled": false,
        "clientId": "",
        "clientSecret": "",
        "tenantId": "",
        "redirectUri": "",
        "name": "azure"
      },
      "github": {
        "enabled": false,
        "clientId": "",
        "clientSecret": "",
        "redirectUri": "",
        "name": "github"
      },
      "okta": {
        "enabled": true,
        "clientId": "",
        "clientSecret": "",
        "domain": "",
        "redirectUri": "http://localhost:3000/auth/okta/callback",
        "name": "okta"
      }
    }
  },
  "domain": {
    "useCustomDomain": false,
    "domainName": "",
    "useSSL": false,
    "sslCertPath": "",
    "sslKeyPath": "",
    "sslMethod": "manual",
    "letsencryptEmail": "",
    "port": 3003
  }
}
2025-03-08 23:19:03 [INFO] [SERVER]: Port chargé depuis la configuration: 3003 (type: number)
2025-03-08 23:19:03 [INFO] [SERVER]: Port lu depuis la configuration: 3003
2025-03-08 23:19:03 [INFO] [SERVER]: Port configuré: 3003
2025-03-08 23:19:12 [INFO] [SERVER]: Contenu du fichier config.json: {
  "auth": {
    "methods": {
      "local": {
        "enabled": true,
        "name": "local"
      },
      "discord": {
        "enabled": true,
        "clientId": "1348043784667009224",
        "clientSecret": "vqAYpA7GC3ncw6zCjCZTeGGYNOQluaDL",
        "redirectUri": "http://localhost:3003/auth/discord/callback",
        "name": "discord"
      },
      "azure": {
        "enabled": false,
        "clientId": "",
        "clientSecret": "",
        "tenantId": "",
        "redirectUri": "",
        "name": "azure"
      },
      "github": {
        "enabled": false,
        "clientId": "",
        "clientSecret": "",
        "redirectUri": "",
        "name": "github"
      },
      "okta": {
        "enabled": true,
        "clientId": "",
        "clientSecret": "",
        "domain": "",
        "redirectUri": "http://localhost:3000/auth/okta/callback",
        "name": "okta"
      }
    }
  },
  "domain": {
    "useCustomDomain": false,
    "domainName": "",
    "useSSL": false,
    "sslCertPath": "",
    "sslKeyPath": "",
    "sslMethod": "manual",
    "letsencryptEmail": "",
    "port": 3003
  }
}
2025-03-08 23:19:12 [INFO] [SERVER]: Port chargé depuis la configuration: 3003 (type: number)
2025-03-08 23:19:12 [INFO] [SERVER]: Port lu depuis la configuration: 3003
2025-03-08 23:19:12 [INFO] [SERVER]: Port configuré: 3003
2025-03-08 23:19:26 [INFO] [SERVER]: Contenu du fichier config.json: {
  "auth": {
    "methods": {
      "local": {
        "enabled": true,
        "name": "local"
      },
      "discord": {
        "enabled": true,
        "clientId": "1348043784667009224",
        "clientSecret": "vqAYpA7GC3ncw6zCjCZTeGGYNOQluaDL",
        "redirectUri": "http://localhost:3003/auth/discord/callback",
        "name": "discord"
      },
      "azure": {
        "enabled": false,
        "clientId": "",
        "clientSecret": "",
        "tenantId": "",
        "redirectUri": "",
        "name": "azure"
      },
      "github": {
        "enabled": false,
        "clientId": "",
        "clientSecret": "",
        "redirectUri": "",
        "name": "github"
      },
      "okta": {
        "enabled": true,
        "clientId": "",
        "clientSecret": "",
        "domain": "",
        "redirectUri": "http://localhost:3000/auth/okta/callback",
        "name": "okta"
      }
    }
  },
  "domain": {
    "useCustomDomain": false,
    "domainName": "",
    "useSSL": false,
    "sslCertPath": "",
    "sslKeyPath": "",
    "sslMethod": "manual",
    "letsencryptEmail": "",
    "port": 3003
  }
}
2025-03-08 23:19:26 [INFO] [SERVER]: Port chargé depuis la configuration: 3003 (type: number)
2025-03-08 23:19:26 [INFO] [SERVER]: Port lu depuis la configuration: 3003
2025-03-08 23:19:26 [INFO] [SERVER]: Port configuré: 3003
2025-03-08 23:19:46 [INFO] [SERVER]: Contenu du fichier config.json: {
  "auth": {
    "methods": {
      "local": {
        "enabled": true,
        "name": "local"
      },
      "discord": {
        "enabled": true,
        "clientId": "1348043784667009224",
        "clientSecret": "vqAYpA7GC3ncw6zCjCZTeGGYNOQluaDL",
        "redirectUri": "http://localhost:3003/auth/discord/callback",
        "name": "discord"
      },
      "azure": {
        "enabled": false,
        "clientId": "",
        "clientSecret": "",
        "tenantId": "",
        "redirectUri": "",
        "name": "azure"
      },
      "github": {
        "enabled": false,
        "clientId": "",
        "clientSecret": "",
        "redirectUri": "",
        "name": "github"
      },
      "okta": {
        "enabled": true,
        "clientId": "",
        "clientSecret": "",
        "domain": "",
        "redirectUri": "http://localhost:3000/auth/okta/callback",
        "name": "okta"
      }
    }
  },
  "domain": {
    "useCustomDomain": false,
    "domainName": "",
    "useSSL": false,
    "sslCertPath": "",
    "sslKeyPath": "",
    "sslMethod": "manual",
    "letsencryptEmail": "",
    "port": 3003
  }
}
2025-03-08 23:19:46 [INFO] [SERVER]: Port chargé depuis la configuration: 3003 (type: number)
2025-03-08 23:19:46 [INFO] [SERVER]: Port lu depuis la configuration: 3003
2025-03-08 23:19:46 [INFO] [SERVER]: Port configuré: 3003
2025-03-08 23:21:13 [INFO] [SERVER]: Contenu du fichier config.json: {
  "auth": {
    "methods": {
      "local": {
        "enabled": true,
        "name": "local"
      },
      "discord": {
        "enabled": true,
        "clientId": "1348043784667009224",
        "clientSecret": "vqAYpA7GC3ncw6zCjCZTeGGYNOQluaDL",
        "redirectUri": "http://localhost:3003/auth/discord/callback",
        "name": "discord"
      },
      "azure": {
        "enabled": false,
        "clientId": "",
        "clientSecret": "",
        "tenantId": "",
        "redirectUri": "",
        "name": "azure"
      },
      "github": {
        "enabled": false,
        "clientId": "",
        "clientSecret": "",
        "redirectUri": "",
        "name": "github"
      },
      "okta": {
        "enabled": true,
        "clientId": "",
        "clientSecret": "",
        "domain": "",
        "redirectUri": "http://localhost:3000/auth/okta/callback",
        "name": "okta"
      }
    }
  },
  "domain": {
    "useCustomDomain": false,
    "domainName": "",
    "useSSL": false,
    "sslCertPath": "",
    "sslKeyPath": "",
    "sslMethod": "manual",
    "letsencryptEmail": "",
    "port": 3003
  }
}
2025-03-08 23:21:13 [INFO] [SERVER]: Port chargé depuis la configuration: 3003 (type: number)
2025-03-08 23:21:13 [INFO] [SERVER]: Port lu depuis la configuration: 3003
2025-03-08 23:21:13 [INFO] [SERVER]: Port configuré: 3003
2025-03-08 23:22:29 [INFO] [SERVER]: Contenu du fichier config.json: {
  "auth": {
    "methods": {
      "local": {
        "enabled": true,
        "name": "local"
      },
      "discord": {
        "enabled": true,
        "clientId": "1348043784667009224",
        "clientSecret": "vqAYpA7GC3ncw6zCjCZTeGGYNOQluaDL",
        "redirectUri": "http://localhost:3003/auth/discord/callback",
        "name": "discord"
      },
      "azure": {
        "enabled": false,
        "clientId": "",
        "clientSecret": "",
        "tenantId": "",
        "redirectUri": "",
        "name": "azure"
      },
      "github": {
        "enabled": false,
        "clientId": "",
        "clientSecret": "",
        "redirectUri": "",
        "name": "github"
      },
      "okta": {
        "enabled": true,
        "clientId": "",
        "clientSecret": "",
        "domain": "",
        "redirectUri": "http://localhost:3000/auth/okta/callback",
        "name": "okta"
      }
    }
  },
  "domain": {
    "useCustomDomain": false,
    "domainName": "",
    "useSSL": false,
    "sslCertPath": "",
    "sslKeyPath": "",
    "sslMethod": "manual",
    "letsencryptEmail": "",
    "port": 3004
  }
}
2025-03-08 23:22:29 [INFO] [SERVER]: Port chargé depuis la configuration: 3004 (type: number)
2025-03-08 23:22:29 [INFO] [SERVER]: Port lu depuis la configuration: 3004
2025-03-08 23:22:29 [INFO] [SERVER]: Port configuré: 3004
2025-03-08 23:26:55 [INFO] [SERVER]: Contenu du fichier config.json: {
  "auth": {
    "methods": {
      "local": {
        "enabled": true,
        "name": "local"
      },
      "discord": {
        "enabled": true,
        "clientId": "1348043784667009224",
        "clientSecret": "vqAYpA7GC3ncw6zCjCZTeGGYNOQluaDL",
        "redirectUri": "http://localhost:3005/auth/discord/callback",
        "name": "discord"
      },
      "azure": {
        "enabled": false,
        "clientId": "",
        "clientSecret": "",
        "tenantId": "",
        "redirectUri": "",
        "name": "azure"
      },
      "github": {
        "enabled": false,
        "clientId": "",
        "clientSecret": "",
        "redirectUri": "",
        "name": "github"
      },
      "okta": {
        "enabled": false,
        "clientId": "",
        "clientSecret": "",
        "domain": "",
        "redirectUri": "http://localhost:3005/auth/okta/callback",
        "name": "okta"
      }
    }
  },
  "domain": {
    "useCustomDomain": false,
    "domainName": "",
    "useSSL": false,
    "sslCertPath": "",
    "sslKeyPath": "",
    "sslMethod": "manual",
    "letsencryptEmail": "",
    "port": 3004
  }
}
2025-03-08 23:26:55 [INFO] [SERVER]: Port chargé depuis la configuration: 3004 (type: number)
2025-03-08 23:26:55 [INFO] [SERVER]: Port lu depuis la configuration: 3004 (type: number)
2025-03-08 23:26:55 [INFO] [SERVER]: Port configuré: 3004 (type: number)
2025-03-08 23:26:56 [INFO] [SERVER]: Port lu directement depuis le fichier config.json: 3004
2025-03-08 23:26:56 [INFO] [SERVER]: Démarrage du serveur sur le port: 3004
2025-03-08 23:26:56 [INFO] [SERVER]: Serveur HTTP démarré sur http://localhost:3004
2025-03-08 23:27:23 [INFO] [SERVER]: Configuration d'authentification: {"discord":true,"github":false,"azure":false,"okta":false}
2025-03-08 23:27:23 [INFO] [SERVER]: Configuration d'authentification: {"discord":true,"github":false,"azure":false,"okta":false}
2025-03-08 23:27:23 [INFO] [SERVER]: Configuration passée à la vue: {"discord":true,"github":false,"azure":false,"okta":false}
2025-03-08 23:27:23 [INFO] [SERVER]: Configuration d'authentification: {"discord":true,"github":false,"azure":false,"okta":false}
2025-03-08 23:27:23 [WARN] [SERVER]: 404 - Page non trouvée: /favicon.ico - Utilisateur: Anonyme - IP: ::1
2025-03-08 23:27:26 [INFO] [SERVER]: Configuration d'authentification: {"discord":true,"github":false,"azure":false,"okta":false}
2025-03-08 23:27:26 [INFO] [SERVER]: Configuration d'authentification: {"discord":true,"github":false,"azure":false,"okta":false}
2025-03-08 23:27:32 [INFO] [SERVER]: Configuration d'authentification: {"discord":true,"github":false,"azure":false,"okta":false}
2025-03-08 23:27:32 [INFO] [SERVER]: Configuration d'authentification: {"discord":true,"github":false,"azure":false,"okta":false}
2025-03-08 23:27:33 [INFO] [SERVER]: Configuration d'authentification: {"discord":true,"github":false,"azure":false,"okta":false}
2025-03-08 23:27:35 [INFO] [SERVER]: Configuration d'authentification: {"discord":true,"github":false,"azure":false,"okta":false}
2025-03-08 23:27:35 [INFO] [SERVER]: Configuration d'authentification: {"discord":true,"github":false,"azure":false,"okta":false}
2025-03-08 23:27:38 [INFO] [SERVER]: Configuration d'authentification: {"discord":true,"github":false,"azure":false,"okta":false}
2025-03-08 23:27:38 [INFO] [SERVER]: Configuration d'authentification: {"discord":true,"github":false,"azure":false,"okta":false}
2025-03-08 23:27:40 [INFO] [SERVER]: Configuration d'authentification: {"discord":true,"github":false,"azure":false,"okta":false}
2025-03-08 23:27:40 [INFO] [SERVER]: Configuration d'authentification: {"discord":true,"github":false,"azure":false,"okta":false}
2025-03-08 23:27:40 [INFO] [SERVER]: Configuration d'authentification: {"discord":true,"github":false,"azure":false,"okta":false}
2025-03-08 23:27:44 [INFO] [SERVER]: Configuration d'authentification: {"discord":true,"github":false,"azure":false,"okta":false}
2025-03-08 23:27:44 [INFO] [SERVER]: Configuration d'authentification: {"discord":true,"github":false,"azure":false,"okta":false}
2025-03-08 23:27:44 [INFO] [SERVER]: Configuration d'authentification: {"discord":true,"github":false,"azure":false,"okta":false}
2025-03-08 23:27:46 [INFO] [SERVER]: Configuration d'authentification: {"discord":true,"github":false,"azure":false,"okta":false}
2025-03-08 23:27:46 [INFO] [SERVER]: Configuration d'authentification: {"discord":true,"github":false,"azure":false,"okta":false}
2025-03-08 23:27:46 [INFO] [SERVER]: Configuration passée à la vue: {"discord":true,"github":false,"azure":false,"okta":false}
2025-03-08 23:27:52 [INFO] [SERVER]: Configuration d'authentification: {"discord":true,"github":false,"azure":false,"okta":false}
2025-03-08 23:27:52 [INFO] [SERVER]: Configuration d'authentification: {"discord":true,"github":false,"azure":false,"okta":false}
2025-03-08 23:27:52 [INFO] [SERVER]: Configuration d'authentification: {"discord":true,"github":false,"azure":false,"okta":false}
2025-03-08 23:27:55 [INFO] [SERVER]: Configuration d'authentification: {"discord":true,"github":false,"azure":false,"okta":false}
2025-03-08 23:27:55 [INFO] [SERVER]: Configuration d'authentification: {"discord":true,"github":false,"azure":false,"okta":false}
2025-03-08 23:27:57 [INFO] [SERVER]: Configuration d'authentification: {"discord":true,"github":false,"azure":false,"okta":false}
2025-03-08 23:27:57 [INFO] [SERVER]: Configuration d'authentification: {"discord":true,"github":false,"azure":false,"okta":false}
2025-03-08 23:28:05 [INFO] [SERVER]: Configuration d'authentification: {"discord":true,"github":false,"azure":false,"okta":false}
2025-03-08 23:28:05 [INFO] [SERVER]: Configuration d'authentification: {"discord":true,"github":false,"azure":false,"okta":false}
2025-03-08 23:28:05 [INFO] [SERVER]: Configuration d'authentification: {"discord":true,"github":false,"azure":false,"okta":false}
2025-03-08 23:28:10 [INFO] [SERVER]: Configuration d'authentification: {"discord":true,"github":false,"azure":false,"okta":false}
2025-03-08 23:28:10 [INFO] [SERVER]: Configuration d'authentification: {"discord":true,"github":false,"azure":false,"okta":false}
2025-03-08 23:28:10 [INFO] [SERVER]: Configuration d'authentification: {"discord":true,"github":false,"azure":false,"okta":false}
2025-03-08 23:28:15 [INFO] [SERVER]: Configuration d'authentification: {"discord":true,"github":false,"azure":false,"okta":false}
2025-03-08 23:28:15 [INFO] [SERVER]: Configuration d'authentification: {"discord":true,"github":false,"azure":false,"okta":false}
2025-03-08 23:28:15 [INFO] [SERVER]: Configuration d'authentification: {"discord":true,"github":false,"azure":false,"okta":false}
2025-03-08 23:28:18 [INFO] [SERVER]: Configuration d'authentification: {"discord":true,"github":false,"azure":false,"okta":false}
2025-03-08 23:28:18 [INFO] [SERVER]: Configuration d'authentification: {"discord":true,"github":false,"azure":false,"okta":false}
2025-03-08 23:28:18 [INFO] [SERVER]: Configuration passée à la vue: {"discord":true,"github":false,"azure":false,"okta":false}
2025-03-08 23:28:22 [INFO] [SERVER]: Configuration d'authentification: {"discord":true,"github":false,"azure":false,"okta":false}
2025-03-08 23:28:22 [INFO] [SERVER]: Configuration d'authentification: {"discord":true,"github":false,"azure":false,"okta":false}
2025-03-08 23:28:22 [INFO] [SERVER]: Configuration d'authentification: {"discord":true,"github":false,"azure":false,"okta":false}
2025-03-08 23:28:26 [INFO] [SERVER]: Configuration d'authentification: {"discord":true,"github":false,"azure":false,"okta":false}
2025-03-08 23:28:26 [INFO] [SERVER]: Configuration d'authentification: {"discord":true,"github":false,"azure":false,"okta":false}
2025-03-08 23:28:29 [INFO] [SERVER]: Configuration d'authentification: {"discord":true,"github":false,"azure":false,"okta":false}
2025-03-08 23:28:29 [INFO] [SERVER]: Configuration d'authentification: {"discord":true,"github":false,"azure":false,"okta":false}
2025-03-08 23:28:30 [INFO] [SERVER]: Configuration d'authentification: {"discord":true,"github":false,"azure":false,"okta":false}
2025-03-08 23:28:30 [WARN] [SERVER]: Aucun serveur en cours d'exécution à redémarrer
2025-03-08 23:28:30 [INFO] [SERVER]: Port lu directement depuis le fichier config.json: 3004
2025-03-08 23:28:30 [INFO] [SERVER]: Démarrage du serveur sur le port: 3004
2025-03-08 23:28:32 [INFO] [SERVER]: Configuration d'authentification: {"discord":true,"github":false,"azure":false,"okta":false}
2025-03-08 23:28:32 [INFO] [SERVER]: Configuration d'authentification: {"discord":true,"github":false,"azure":false,"okta":false}
2025-03-08 23:28:32 [INFO] [SERVER]: Configuration passée à la vue: {"discord":true,"github":false,"azure":false,"okta":false}
2025-03-08 23:28:34 [INFO] [SERVER]: Configuration d'authentification: {"discord":true,"github":false,"azure":false,"okta":false}
2025-03-08 23:28:34 [INFO] [SERVER]: Configuration passée à la vue: {"discord":true,"github":false,"azure":false,"okta":false}
2025-03-08 23:28:38 [INFO] [SERVER]: Configuration d'authentification: {"discord":true,"github":false,"azure":false,"okta":false}
2025-03-08 23:28:38 [INFO] [SERVER]: Configuration d'authentification: {"discord":true,"github":false,"azure":false,"okta":false}
2025-03-08 23:28:38 [INFO] [SERVER]: Configuration d'authentification: {"discord":true,"github":false,"azure":false,"okta":false}
2025-03-08 23:28:41 [INFO] [SERVER]: Configuration d'authentification: {"discord":true,"github":false,"azure":false,"okta":false}
2025-03-08 23:28:41 [INFO] [SERVER]: Configuration d'authentification: {"discord":true,"github":false,"azure":false,"okta":false}
2025-03-08 23:28:44 [INFO] [SERVER]: Configuration d'authentification: {"discord":true,"github":false,"azure":false,"okta":false}
2025-03-08 23:28:44 [INFO] [SERVER]: Configuration d'authentification: {"discord":true,"github":false,"azure":false,"okta":false}
2025-03-08 23:28:59 [INFO] [SERVER]: Configuration d'authentification: {"discord":true,"github":false,"azure":false,"okta":false}
2025-03-08 23:29:01 [INFO] [SERVER]: Configuration d'authentification: {"discord":true,"github":false,"azure":false,"okta":false}
2025-03-08 23:29:01 [INFO] [SERVER]: Configuration d'authentification: {"discord":true,"github":false,"azure":false,"okta":false}
2025-03-08 23:29:01 [INFO] [SERVER]: Configuration passée à la vue: {"discord":true,"github":false,"azure":false,"okta":false}
